2025-07-02 11:44:56,053 - client_module - INFO - client_tab:125 - Starting client_tab function
2025-07-02 11:44:56,053 - client_module - DEBUG - client_tab:130 - Retrieved client data from dataclass manager
2025-07-02 11:44:56,053 - client_module - DEBUG - client_tab:142 - CSS re-applied for persistence
2025-07-02 11:44:56,053 - client_module - DEBUG - client_tab:149 - Creating top section with client name and URLs
2025-07-02 11:44:56,054 - client_module - DEBUG - client_tab:154 - Processing client enterprise name section
2025-07-02 11:44:56,054 - client_module - DEBUG - client_tab:187 - Find URLs button disabled: False
2025-07-02 11:44:56,055 - client_module - DEBUG - client_tab:242 - Processing client website URL section
2025-07-02 11:44:56,055 - client_module - DEBUG - client_tab:259 - Client name provided: True
2025-07-02 11:44:56,055 - client_module - DEBUG - client_tab:266 - URL options count: 8
2025-07-02 11:44:56,056 - client_module - DEBUG - client_tab:391 - Creating file upload and enterprise details section
2025-07-02 11:44:56,056 - client_module - DEBUG - client_tab:396 - Processing file upload section
2025-07-02 11:44:56,056 - client_module - INFO - client_tab:445 - File uploaded: modern_proposal_corporate.pdf
2025-07-02 11:44:56,057 - client_module - DEBUG - client_tab:456 - File size: 37.7KB
2025-07-02 11:44:56,057 - client_module - INFO - client_tab:507 - Starting RFI analysis process
2025-07-02 11:44:56,248 - client_module - INFO - client_tab:125 - Starting client_tab function
2025-07-02 11:44:56,248 - client_module - DEBUG - client_tab:130 - Retrieved client data from dataclass manager
2025-07-02 11:44:56,249 - client_module - DEBUG - client_tab:142 - CSS re-applied for persistence
2025-07-02 11:44:56,249 - client_module - DEBUG - client_tab:149 - Creating top section with client name and URLs
2025-07-02 11:44:56,249 - client_module - DEBUG - client_tab:154 - Processing client enterprise name section
2025-07-02 11:44:56,249 - client_module - DEBUG - client_tab:187 - Find URLs button disabled: False
2025-07-02 11:44:56,250 - client_module - DEBUG - client_tab:242 - Processing client website URL section
2025-07-02 11:44:56,250 - client_module - DEBUG - client_tab:259 - Client name provided: True
2025-07-02 11:44:56,250 - client_module - DEBUG - client_tab:266 - URL options count: 8
2025-07-02 11:44:56,251 - client_module - DEBUG - client_tab:391 - Creating file upload and enterprise details section
2025-07-02 11:44:56,252 - client_module - DEBUG - client_tab:396 - Processing file upload section
2025-07-02 11:44:56,252 - client_module - INFO - client_tab:445 - File uploaded: modern_proposal_corporate.pdf
2025-07-02 11:44:56,253 - client_module - DEBUG - client_tab:456 - File size: 37.7KB
2025-07-02 11:44:56,254 - client_module - INFO - client_tab:526 - Starting RFI document processing
2025-07-02 11:44:56,254 - client_module - INFO - save_uploaded_file_and_get_path:61 - Starting file upload process for file: modern_proposal_corporate.pdf
2025-07-02 11:44:56,254 - client_module - DEBUG - save_uploaded_file_and_get_path:65 - File details - Name: modern_proposal_corporate.pdf, Size: 38626 bytes
2025-07-02 11:44:56,254 - client_module - DEBUG - save_uploaded_file_and_get_path:69 - Upload directory path: Document_Upload_Vectordb/Files
2025-07-02 11:44:56,255 - client_module - DEBUG - save_uploaded_file_and_get_path:81 - Full file path: Document_Upload_Vectordb/Files/modern_proposal_corporate.pdf
2025-07-02 11:44:56,255 - client_module - INFO - save_uploaded_file_and_get_path:87 - Successfully saved file to: Document_Upload_Vectordb/Files/modern_proposal_corporate.pdf
2025-07-02 11:44:56,255 - client_module - INFO - client_tab:530 - Processing RFI file: Document_Upload_Vectordb/Files/modern_proposal_corporate.pdf
2025-07-02 11:45:16,052 - client_module - INFO - client_tab:532 - Successfully extracted pain points, count: 0
