2025-06-30 21:52:01,119 - client_module - INFO - client_tab:126 - Starting client_tab function
2025-06-30 21:52:01,120 - client_module - DEBUG - client_tab:131 - Retrieved client data from dataclass manager
2025-06-30 21:52:01,121 - client_module - DEBUG - client_tab:143 - CSS re-applied for persistence
2025-06-30 21:52:01,121 - client_module - DEBUG - client_tab:150 - Creating top section with client name and URLs
2025-06-30 21:52:01,123 - client_module - DEBUG - client_tab:155 - Processing client enterprise name section
2025-06-30 21:52:01,125 - client_module - DEBUG - client_tab:188 - Find URLs button disabled: False
2025-06-30 21:52:01,127 - client_module - DEBUG - client_tab:243 - Processing client website URL section
2025-06-30 21:52:01,129 - client_module - DEBUG - client_tab:260 - Client name provided: True
2025-06-30 21:52:01,129 - client_module - DEBUG - client_tab:267 - URL options count: 1
2025-06-30 21:52:01,132 - client_module - DEBUG - client_tab:391 - Creating file upload and enterprise details section
2025-06-30 21:52:01,133 - client_module - DEBUG - client_tab:396 - Processing file upload section
2025-06-30 21:52:01,134 - client_module - DEBUG - client_tab:568 - Processing enterprise details section
2025-06-30 21:52:01,135 - client_module - DEBUG - client_tab:606 - Creating client requirements and pain points section
2025-06-30 21:52:01,136 - client_module - DEBUG - client_tab:611 - Processing client requirements section
2025-06-30 21:52:01,138 - client_module - DEBUG - client_tab:635 - Updated client requirements content
2025-06-30 21:52:01,138 - client_module - DEBUG - client_tab:640 - Client requirements provided: True
2025-06-30 21:52:01,139 - client_module - INFO - client_tab:655 - Starting COL6 - Client Pain Points section rendering
2025-06-30 21:52:01,141 - client_module - INFO - client_tab:679 - Using dummy pain points data as fallback
2025-06-30 21:52:01,143 - client_module - DEBUG - client_tab:689 - Rendering 3 pain point items
2025-06-30 21:52:01,144 - client_module - DEBUG - client_tab:694 - Processing pain point item 0: Revenue Challenges
2025-06-30 21:52:01,144 - client_module - DEBUG - client_tab:699 - Pain point 'Revenue Challenges' selection status: True
2025-06-30 21:52:01,146 - client_module - DEBUG - client_tab:898 - Successfully rendered content box for 'Revenue Challenges'
2025-06-30 21:52:01,146 - client_module - DEBUG - client_tab:694 - Processing pain point item 1: Cost and Margin Pressure
2025-06-30 21:52:01,146 - client_module - DEBUG - client_tab:699 - Pain point 'Cost and Margin Pressure' selection status: True
2025-06-30 21:52:01,148 - client_module - DEBUG - client_tab:898 - Successfully rendered content box for 'Cost and Margin Pressure'
2025-06-30 21:52:01,148 - client_module - DEBUG - client_tab:694 - Processing pain point item 2: Market Expansion and Customer Acquisition
2025-06-30 21:52:01,148 - client_module - DEBUG - client_tab:699 - Pain point 'Market Expansion and Customer Acquisition' selection status: True
2025-06-30 21:52:01,150 - client_module - INFO - client_tab:774 - Pain point button clicked for 'Market Expansion and Customer Acquisition', current selection: True
2025-06-30 21:52:01,150 - client_module - INFO - client_tab:779 - Removing pain point 'Market Expansion and Customer Acquisition' from requirements
2025-06-30 21:52:01,151 - client_module - DEBUG - client_tab:784 - Current content length: 1841
2025-06-30 21:52:01,151 - client_module - DEBUG - client_tab:788 - Original content to remove length: 661
2025-06-30 21:52:01,151 - client_module - DEBUG - client_tab:801 - Removed pattern from content
2025-06-30 21:52:01,151 - client_module - INFO - client_tab:818 - Successfully removed pain point 'Market Expansion and Customer Acquisition'
2025-06-30 21:52:01,402 - client_module - INFO - validate_client_mandatory_fields:105 - Starting client mandatory fields validation
2025-06-30 21:52:01,404 - client_module - INFO - validate_client_mandatory_fields:105 - Starting client mandatory fields validation
2025-06-30 21:52:01,405 - client_module - INFO - validate_client_mandatory_fields:105 - Starting client mandatory fields validation
2025-06-30 21:52:01,407 - client_module - INFO - client_tab:126 - Starting client_tab function
2025-06-30 21:52:01,408 - client_module - DEBUG - client_tab:131 - Retrieved client data from dataclass manager
2025-06-30 21:52:01,408 - client_module - DEBUG - client_tab:143 - CSS re-applied for persistence
2025-06-30 21:52:01,409 - client_module - DEBUG - client_tab:150 - Creating top section with client name and URLs
2025-06-30 21:52:01,409 - client_module - DEBUG - client_tab:155 - Processing client enterprise name section
2025-06-30 21:52:01,411 - client_module - DEBUG - client_tab:188 - Find URLs button disabled: False
2025-06-30 21:52:01,411 - client_module - DEBUG - client_tab:243 - Processing client website URL section
2025-06-30 21:52:01,412 - client_module - DEBUG - client_tab:260 - Client name provided: True
2025-06-30 21:52:01,412 - client_module - DEBUG - client_tab:267 - URL options count: 1
2025-06-30 21:52:01,413 - client_module - DEBUG - client_tab:391 - Creating file upload and enterprise details section
2025-06-30 21:52:01,413 - client_module - DEBUG - client_tab:396 - Processing file upload section
2025-06-30 21:52:01,414 - client_module - DEBUG - client_tab:568 - Processing enterprise details section
2025-06-30 21:52:01,415 - client_module - DEBUG - client_tab:606 - Creating client requirements and pain points section
2025-06-30 21:52:01,416 - client_module - DEBUG - client_tab:611 - Processing client requirements section
2025-06-30 21:52:01,416 - client_module - DEBUG - client_tab:635 - Updated client requirements content
2025-06-30 21:52:01,417 - client_module - DEBUG - client_tab:640 - Client requirements provided: True
2025-06-30 21:52:01,417 - client_module - INFO - client_tab:655 - Starting COL6 - Client Pain Points section rendering
2025-06-30 21:52:01,417 - client_module - INFO - client_tab:679 - Using dummy pain points data as fallback
2025-06-30 21:52:01,418 - client_module - DEBUG - client_tab:689 - Rendering 3 pain point items
2025-06-30 21:52:01,418 - client_module - DEBUG - client_tab:694 - Processing pain point item 0: Revenue Challenges
2025-06-30 21:52:01,418 - client_module - DEBUG - client_tab:699 - Pain point 'Revenue Challenges' selection status: True
2025-06-30 21:52:01,419 - client_module - DEBUG - client_tab:898 - Successfully rendered content box for 'Revenue Challenges'
2025-06-30 21:52:01,419 - client_module - DEBUG - client_tab:694 - Processing pain point item 1: Cost and Margin Pressure
2025-06-30 21:52:01,419 - client_module - DEBUG - client_tab:699 - Pain point 'Cost and Margin Pressure' selection status: True
2025-06-30 21:52:01,420 - client_module - DEBUG - client_tab:898 - Successfully rendered content box for 'Cost and Margin Pressure'
2025-06-30 21:52:01,421 - client_module - DEBUG - client_tab:694 - Processing pain point item 2: Market Expansion and Customer Acquisition
2025-06-30 21:52:01,421 - client_module - DEBUG - client_tab:699 - Pain point 'Market Expansion and Customer Acquisition' selection status: False
2025-06-30 21:52:01,422 - client_module - DEBUG - client_tab:898 - Successfully rendered content box for 'Market Expansion and Customer Acquisition'
2025-06-30 21:52:01,423 - client_module - INFO - client_tab:929 - Rendered SPOC name tooltip
2025-06-30 21:52:01,423 - client_module - INFO - client_tab:942 - SPOC name input rendered with value: 
2025-06-30 21:52:01,423 - client_module - INFO - client_tab:975 - SPOC name provided status: False
2025-06-30 21:52:01,424 - client_module - INFO - client_tab:987 - Rendered LinkedIn profile tooltip
2025-06-30 21:52:01,426 - client_module - INFO - client_tab:1043 - LinkedIn profile selector in disabled state
2025-06-30 21:52:01,427 - client_module - INFO - client_tab:1124 - Created roles and priorities columns
2025-06-30 21:52:01,428 - client_module - INFO - client_tab:1136 - Rendered SPOC role tooltip
2025-06-30 21:52:01,428 - client_module - INFO - client_tab:1146 - Retrieved 10 default roles
2025-06-30 21:52:01,429 - client_module - INFO - client_tab:1205 - Role selector rendered with selection: Select a role...
2025-06-30 21:52:01,430 - client_module - INFO - client_tab:1220 - Cleared selected target role
2025-06-30 21:52:01,432 - client_module - INFO - client_tab:1233 - Rendered business priorities tooltip
2025-06-30 21:52:01,432 - client_module - INFO - client_tab:1262 - Using 3 business priorities
2025-06-30 21:52:01,437 - client_module - INFO - client_tab:1312 - Created additional requirements columns
2025-06-30 21:52:01,438 - client_module - INFO - client_tab:1324 - Rendered additional client requirements tooltip
2025-06-30 21:52:01,439 - client_module - INFO - client_tab:1339 - Additional requirements text area rendered with 0 characters
2025-06-30 21:52:01,439 - client_module - INFO - client_tab:1355 - Additional requirements provided status: False
2025-06-30 21:52:01,440 - client_module - INFO - client_tab:1369 - Rendered additional specifications tooltip
2025-06-30 21:52:01,440 - client_module - INFO - client_tab:1387 - Using default additional specs items
2025-06-30 21:52:07,774 - client_module - INFO - validate_client_mandatory_fields:105 - Starting client mandatory fields validation
2025-06-30 21:52:07,776 - client_module - INFO - validate_client_mandatory_fields:105 - Starting client mandatory fields validation
2025-06-30 21:52:07,777 - client_module - INFO - validate_client_mandatory_fields:105 - Starting client mandatory fields validation
