2025-07-01 21:15:49,110 - client_module - INFO - client_tab:125 - Starting client_tab function
2025-07-01 21:15:49,110 - client_module - DEBUG - client_tab:130 - Retrieved client data from dataclass manager
2025-07-01 21:15:49,112 - client_module - DEBUG - client_tab:142 - CSS re-applied for persistence
2025-07-01 21:15:49,113 - client_module - DEBUG - client_tab:149 - Creating top section with client name and URLs
2025-07-01 21:15:49,114 - client_module - DEBUG - client_tab:154 - Processing client enterprise name section
2025-07-01 21:15:49,123 - client_module - DEBUG - client_tab:187 - Find URLs button disabled: False
2025-07-01 21:15:49,125 - client_module - DEBUG - client_tab:242 - Processing client website URL section
2025-07-01 21:15:49,128 - client_module - DEBUG - client_tab:259 - Client name provided: True
2025-07-01 21:15:49,129 - client_module - DEBUG - client_tab:266 - URL options count: 5
2025-07-01 21:15:49,134 - client_module - INFO - client_tab:323 - Scrape button clicked for URL: https://www.growthsutras.com/
2025-07-01 21:15:49,410 - client_module - INFO - client_tab:125 - Starting client_tab function
2025-07-01 21:15:49,410 - client_module - DEBUG - client_tab:130 - Retrieved client data from dataclass manager
2025-07-01 21:15:49,411 - client_module - DEBUG - client_tab:142 - CSS re-applied for persistence
2025-07-01 21:15:49,411 - client_module - DEBUG - client_tab:149 - Creating top section with client name and URLs
2025-07-01 21:15:49,411 - client_module - DEBUG - client_tab:154 - Processing client enterprise name section
2025-07-01 21:15:49,413 - client_module - DEBUG - client_tab:187 - Find URLs button disabled: False
2025-07-01 21:15:49,415 - client_module - DEBUG - client_tab:242 - Processing client website URL section
2025-07-01 21:15:49,416 - client_module - DEBUG - client_tab:259 - Client name provided: True
2025-07-01 21:15:49,416 - client_module - DEBUG - client_tab:266 - URL options count: 5
2025-07-01 21:15:49,417 - client_module - INFO - client_tab:350 - Starting website scraping for: https://www.growthsutras.com/
2025-07-01 21:16:11,802 - client_module - INFO - client_tab:366 - Successfully scraped website details, length: 930
