2025-07-02 11:37:16,103 - client_module - INFO - client_tab:125 - Starting client_tab function
2025-07-02 11:37:16,104 - client_module - DEBUG - client_tab:130 - Retrieved client data from dataclass manager
2025-07-02 11:37:16,104 - client_module - DEBUG - client_tab:135 - Applying CSS for the first time
2025-07-02 11:37:16,105 - client_module - INFO - client_tab:138 - CSS applied and updated in client data
2025-07-02 11:37:16,106 - client_module - DEBUG - client_tab:142 - CSS re-applied for persistence
2025-07-02 11:37:16,107 - client_module - DEBUG - client_tab:149 - Creating top section with client name and URLs
2025-07-02 11:37:16,107 - client_module - DEBUG - client_tab:154 - Processing client enterprise name section
2025-07-02 11:37:16,108 - client_module - DEBUG - client_tab:187 - Find URLs button disabled: True
2025-07-02 11:37:16,109 - client_module - DEBUG - client_tab:242 - Processing client website URL section
2025-07-02 11:37:16,110 - client_module - DEBUG - client_tab:259 - Client name provided: False
2025-07-02 11:37:16,110 - client_module - DEBUG - client_tab:266 - URL options count: 1
2025-07-02 11:37:16,111 - client_module - DEBUG - client_tab:391 - Creating file upload and enterprise details section
2025-07-02 11:37:16,112 - client_module - DEBUG - client_tab:396 - Processing file upload section
2025-07-02 11:37:16,113 - client_module - DEBUG - client_tab:568 - Processing enterprise details section
2025-07-02 11:37:16,114 - client_module - DEBUG - client_tab:606 - Creating client requirements and pain points section
2025-07-02 11:37:16,115 - client_module - DEBUG - client_tab:611 - Processing client requirements section
2025-07-02 11:37:16,116 - client_module - DEBUG - client_tab:640 - Client requirements provided: False
2025-07-02 11:37:16,116 - client_module - INFO - client_tab:655 - Starting COL6 - Client Pain Points section rendering
2025-07-02 11:37:16,117 - client_module - INFO - client_tab:679 - Using dummy pain points data as fallback
2025-07-02 11:37:16,121 - client_module - DEBUG - client_tab:689 - Rendering 3 pain point items
2025-07-02 11:37:16,121 - client_module - DEBUG - client_tab:694 - Processing pain point item 0: Revenue Challenges
2025-07-02 11:37:16,122 - client_module - DEBUG - client_tab:699 - Pain point 'Revenue Challenges' selection status: False
2025-07-02 11:37:16,129 - client_module - DEBUG - client_tab:898 - Successfully rendered content box for 'Revenue Challenges'
2025-07-02 11:37:16,129 - client_module - DEBUG - client_tab:694 - Processing pain point item 1: Cost and Margin Pressure
2025-07-02 11:37:16,129 - client_module - DEBUG - client_tab:699 - Pain point 'Cost and Margin Pressure' selection status: False
2025-07-02 11:37:16,135 - client_module - DEBUG - client_tab:898 - Successfully rendered content box for 'Cost and Margin Pressure'
2025-07-02 11:37:16,136 - client_module - DEBUG - client_tab:694 - Processing pain point item 2: Market Expansion and Customer Acquisition
2025-07-02 11:37:16,136 - client_module - DEBUG - client_tab:699 - Pain point 'Market Expansion and Customer Acquisition' selection status: False
2025-07-02 11:37:16,140 - client_module - DEBUG - client_tab:898 - Successfully rendered content box for 'Market Expansion and Customer Acquisition'
2025-07-02 11:37:16,142 - client_module - INFO - client_tab:929 - Rendered SPOC name tooltip
2025-07-02 11:37:16,144 - client_module - INFO - client_tab:942 - SPOC name input rendered with value: 
2025-07-02 11:37:16,145 - client_module - INFO - client_tab:975 - SPOC name provided status: False
2025-07-02 11:37:16,147 - client_module - INFO - client_tab:987 - Rendered LinkedIn profile tooltip
2025-07-02 11:37:16,149 - client_module - INFO - client_tab:1043 - LinkedIn profile selector in disabled state
2025-07-02 11:37:16,153 - client_module - INFO - client_tab:1124 - Created roles and priorities columns
2025-07-02 11:37:16,158 - client_module - INFO - client_tab:1136 - Rendered SPOC role tooltip
2025-07-02 11:37:16,162 - client_module - INFO - client_tab:1146 - Retrieved 10 default roles
2025-07-02 11:37:16,165 - client_module - INFO - client_tab:1205 - Role selector rendered with selection: Select a role...
2025-07-02 11:37:16,166 - client_module - INFO - client_tab:1220 - Cleared selected target role
2025-07-02 11:37:16,167 - client_module - INFO - client_tab:1233 - Rendered business priorities tooltip
2025-07-02 11:37:16,167 - client_module - INFO - client_tab:1262 - Using 3 business priorities
2025-07-02 11:37:16,170 - client_module - INFO - client_tab:1312 - Created additional requirements columns
2025-07-02 11:37:16,173 - client_module - INFO - client_tab:1324 - Rendered additional client requirements tooltip
2025-07-02 11:37:16,174 - client_module - INFO - client_tab:1339 - Additional requirements text area rendered with 0 characters
2025-07-02 11:37:16,175 - client_module - INFO - client_tab:1355 - Additional requirements provided status: False
2025-07-02 11:37:16,176 - client_module - INFO - client_tab:1369 - Rendered additional specifications tooltip
2025-07-02 11:37:16,178 - client_module - INFO - client_tab:1387 - Using default additional specs items
