2025-07-02 11:45:22,128 - client_module - INFO - client_tab:125 - Starting client_tab function
2025-07-02 11:45:22,128 - client_module - DEBUG - client_tab:130 - Retrieved client data from dataclass manager
2025-07-02 11:45:22,129 - client_module - DEBUG - client_tab:142 - CSS re-applied for persistence
2025-07-02 11:45:22,129 - client_module - DEBUG - client_tab:149 - Creating top section with client name and URLs
2025-07-02 11:45:22,130 - client_module - DEBUG - client_tab:154 - Processing client enterprise name section
2025-07-02 11:45:22,131 - client_module - DEBUG - client_tab:187 - Find URLs button disabled: False
2025-07-02 11:45:22,131 - client_module - DEBUG - client_tab:242 - Processing client website URL section
2025-07-02 11:45:22,132 - client_module - DEBUG - client_tab:259 - Client name provided: True
2025-07-02 11:45:22,132 - client_module - DEBUG - client_tab:266 - URL options count: 8
2025-07-02 11:45:22,134 - client_module - DEBUG - client_tab:391 - Creating file upload and enterprise details section
2025-07-02 11:45:22,135 - client_module - DEBUG - client_tab:396 - Processing file upload section
2025-07-02 11:45:22,135 - client_module - INFO - client_tab:445 - File uploaded: modern_proposal_corporate.pdf
2025-07-02 11:45:22,135 - client_module - DEBUG - client_tab:456 - File size: 37.7KB
2025-07-02 11:45:22,136 - client_module - DEBUG - client_tab:568 - Processing enterprise details section
2025-07-02 11:45:22,136 - client_module - DEBUG - client_tab:606 - Creating client requirements and pain points section
2025-07-02 11:45:22,137 - client_module - DEBUG - client_tab:611 - Processing client requirements section
2025-07-02 11:45:22,137 - client_module - DEBUG - client_tab:635 - Updated client requirements content
2025-07-02 11:45:22,137 - client_module - DEBUG - client_tab:640 - Client requirements provided: True
2025-07-02 11:45:22,137 - client_module - INFO - client_tab:655 - Starting COL6 - Client Pain Points section rendering
2025-07-02 11:45:22,138 - client_module - INFO - client_tab:679 - Using dummy pain points data as fallback
2025-07-02 11:45:22,138 - client_module - DEBUG - client_tab:689 - Rendering 3 pain point items
2025-07-02 11:45:22,138 - client_module - DEBUG - client_tab:694 - Processing pain point item 0: Revenue Challenges
2025-07-02 11:45:22,138 - client_module - DEBUG - client_tab:699 - Pain point 'Revenue Challenges' selection status: True
2025-07-02 11:45:22,139 - client_module - DEBUG - client_tab:898 - Successfully rendered content box for 'Revenue Challenges'
2025-07-02 11:45:22,139 - client_module - DEBUG - client_tab:694 - Processing pain point item 1: Cost and Margin Pressure
2025-07-02 11:45:22,139 - client_module - DEBUG - client_tab:699 - Pain point 'Cost and Margin Pressure' selection status: False
2025-07-02 11:45:22,140 - client_module - INFO - client_tab:774 - Pain point button clicked for 'Cost and Margin Pressure', current selection: False
2025-07-02 11:45:22,140 - client_module - INFO - client_tab:826 - Adding pain point 'Cost and Margin Pressure' to requirements
2025-07-02 11:45:22,140 - client_module - DEBUG - client_tab:831 - Current content length before add: 583
2025-07-02 11:45:22,140 - client_module - DEBUG - client_tab:835 - New content length after add: 1178
2025-07-02 11:45:22,141 - client_module - INFO - client_tab:847 - Successfully added pain point 'Cost and Margin Pressure'
2025-07-02 11:45:22,427 - client_module - INFO - client_tab:125 - Starting client_tab function
2025-07-02 11:45:22,428 - client_module - DEBUG - client_tab:130 - Retrieved client data from dataclass manager
2025-07-02 11:45:22,429 - client_module - DEBUG - client_tab:142 - CSS re-applied for persistence
2025-07-02 11:45:22,429 - client_module - DEBUG - client_tab:149 - Creating top section with client name and URLs
2025-07-02 11:45:22,430 - client_module - DEBUG - client_tab:154 - Processing client enterprise name section
2025-07-02 11:45:22,431 - client_module - DEBUG - client_tab:187 - Find URLs button disabled: False
2025-07-02 11:45:22,432 - client_module - DEBUG - client_tab:242 - Processing client website URL section
2025-07-02 11:45:22,433 - client_module - DEBUG - client_tab:259 - Client name provided: True
2025-07-02 11:45:22,433 - client_module - DEBUG - client_tab:266 - URL options count: 8
2025-07-02 11:45:22,435 - client_module - DEBUG - client_tab:391 - Creating file upload and enterprise details section
2025-07-02 11:45:22,436 - client_module - DEBUG - client_tab:396 - Processing file upload section
2025-07-02 11:45:22,437 - client_module - INFO - client_tab:445 - File uploaded: modern_proposal_corporate.pdf
2025-07-02 11:45:22,437 - client_module - DEBUG - client_tab:456 - File size: 37.7KB
2025-07-02 11:45:22,438 - client_module - DEBUG - client_tab:568 - Processing enterprise details section
2025-07-02 11:45:22,439 - client_module - DEBUG - client_tab:606 - Creating client requirements and pain points section
2025-07-02 11:45:22,440 - client_module - DEBUG - client_tab:611 - Processing client requirements section
2025-07-02 11:45:22,441 - client_module - DEBUG - client_tab:635 - Updated client requirements content
2025-07-02 11:45:22,441 - client_module - DEBUG - client_tab:640 - Client requirements provided: True
2025-07-02 11:45:22,441 - client_module - INFO - client_tab:655 - Starting COL6 - Client Pain Points section rendering
2025-07-02 11:45:22,441 - client_module - INFO - client_tab:679 - Using dummy pain points data as fallback
2025-07-02 11:45:22,442 - client_module - DEBUG - client_tab:689 - Rendering 3 pain point items
2025-07-02 11:45:22,442 - client_module - DEBUG - client_tab:694 - Processing pain point item 0: Revenue Challenges
2025-07-02 11:45:22,442 - client_module - DEBUG - client_tab:699 - Pain point 'Revenue Challenges' selection status: True
2025-07-02 11:45:22,444 - client_module - DEBUG - client_tab:898 - Successfully rendered content box for 'Revenue Challenges'
2025-07-02 11:45:22,444 - client_module - DEBUG - client_tab:694 - Processing pain point item 1: Cost and Margin Pressure
2025-07-02 11:45:22,444 - client_module - DEBUG - client_tab:699 - Pain point 'Cost and Margin Pressure' selection status: True
2025-07-02 11:45:22,446 - client_module - DEBUG - client_tab:898 - Successfully rendered content box for 'Cost and Margin Pressure'
2025-07-02 11:45:22,446 - client_module - DEBUG - client_tab:694 - Processing pain point item 2: Market Expansion and Customer Acquisition
2025-07-02 11:45:22,446 - client_module - DEBUG - client_tab:699 - Pain point 'Market Expansion and Customer Acquisition' selection status: False
2025-07-02 11:45:22,448 - client_module - DEBUG - client_tab:898 - Successfully rendered content box for 'Market Expansion and Customer Acquisition'
2025-07-02 11:45:22,449 - client_module - INFO - client_tab:929 - Rendered SPOC name tooltip
2025-07-02 11:45:22,449 - client_module - INFO - client_tab:942 - SPOC name input rendered with value: 
2025-07-02 11:45:22,450 - client_module - INFO - client_tab:975 - SPOC name provided status: False
2025-07-02 11:45:22,450 - client_module - INFO - client_tab:987 - Rendered LinkedIn profile tooltip
2025-07-02 11:45:22,452 - client_module - INFO - client_tab:1043 - LinkedIn profile selector in disabled state
2025-07-02 11:45:22,453 - client_module - INFO - client_tab:1124 - Created roles and priorities columns
2025-07-02 11:45:22,454 - client_module - INFO - client_tab:1136 - Rendered SPOC role tooltip
2025-07-02 11:45:22,454 - client_module - INFO - client_tab:1146 - Retrieved 10 default roles
2025-07-02 11:45:22,455 - client_module - INFO - client_tab:1205 - Role selector rendered with selection: Select a role...
2025-07-02 11:45:22,455 - client_module - INFO - client_tab:1220 - Cleared selected target role
2025-07-02 11:45:22,456 - client_module - INFO - client_tab:1233 - Rendered business priorities tooltip
2025-07-02 11:45:22,456 - client_module - INFO - client_tab:1262 - Using 3 business priorities
2025-07-02 11:45:22,458 - client_module - INFO - client_tab:1312 - Created additional requirements columns
2025-07-02 11:45:22,458 - client_module - INFO - client_tab:1324 - Rendered additional client requirements tooltip
2025-07-02 11:45:22,459 - client_module - INFO - client_tab:1339 - Additional requirements text area rendered with 0 characters
2025-07-02 11:45:22,459 - client_module - INFO - client_tab:1355 - Additional requirements provided status: False
2025-07-02 11:45:22,460 - client_module - INFO - client_tab:1369 - Rendered additional specifications tooltip
2025-07-02 11:45:22,460 - client_module - INFO - client_tab:1387 - Using default additional specs items
