2025-07-01 07:42:27,176 - client_module - INFO - client_tab:126 - Starting client_tab function
2025-07-01 07:42:27,176 - client_module - DEBUG - client_tab:131 - Retrieved client data from dataclass manager
2025-07-01 07:42:27,177 - client_module - DEBUG - client_tab:143 - CSS re-applied for persistence
2025-07-01 07:42:27,178 - client_module - DEBUG - client_tab:150 - Creating top section with client name and URLs
2025-07-01 07:42:27,179 - client_module - DEBUG - client_tab:155 - Processing client enterprise name section
2025-07-01 07:42:27,180 - client_module - DEBUG - client_tab:188 - Find URLs button disabled: False
2025-07-01 07:42:27,181 - client_module - DEBUG - client_tab:243 - Processing client website URL section
2025-07-01 07:42:27,182 - client_module - DEBUG - client_tab:260 - Client name provided: True
2025-07-01 07:42:27,182 - client_module - DEBUG - client_tab:267 - URL options count: 1
2025-07-01 07:42:27,184 - client_module - DEBUG - client_tab:391 - Creating file upload and enterprise details section
2025-07-01 07:42:27,185 - client_module - DEBUG - client_tab:396 - Processing file upload section
2025-07-01 07:42:27,186 - client_module - DEBUG - client_tab:568 - Processing enterprise details section
2025-07-01 07:42:27,190 - client_module - DEBUG - client_tab:606 - Creating client requirements and pain points section
2025-07-01 07:42:27,191 - client_module - DEBUG - client_tab:611 - Processing client requirements section
2025-07-01 07:42:27,192 - client_module - DEBUG - client_tab:635 - Updated client requirements content
2025-07-01 07:42:27,192 - client_module - DEBUG - client_tab:640 - Client requirements provided: False
2025-07-01 07:42:27,192 - client_module - INFO - client_tab:655 - Starting COL6 - Client Pain Points section rendering
2025-07-01 07:42:27,193 - client_module - INFO - client_tab:679 - Using dummy pain points data as fallback
2025-07-01 07:42:27,194 - client_module - DEBUG - client_tab:689 - Rendering 3 pain point items
2025-07-01 07:42:27,194 - client_module - DEBUG - client_tab:694 - Processing pain point item 0: Revenue Challenges
2025-07-01 07:42:27,194 - client_module - DEBUG - client_tab:699 - Pain point 'Revenue Challenges' selection status: False
2025-07-01 07:42:27,195 - client_module - INFO - client_tab:774 - Pain point button clicked for 'Revenue Challenges', current selection: False
2025-07-01 07:42:27,196 - client_module - INFO - client_tab:826 - Adding pain point 'Revenue Challenges' to requirements
2025-07-01 07:42:27,196 - client_module - DEBUG - client_tab:831 - Current content length before add: 0
2025-07-01 07:42:27,196 - client_module - DEBUG - client_tab:835 - New content length after add: 583
2025-07-01 07:42:27,196 - client_module - INFO - client_tab:847 - Successfully added pain point 'Revenue Challenges'
2025-07-01 07:42:27,452 - client_module - INFO - validate_client_mandatory_fields:105 - Starting client mandatory fields validation
2025-07-01 07:42:27,454 - client_module - INFO - validate_client_mandatory_fields:105 - Starting client mandatory fields validation
2025-07-01 07:42:27,454 - client_module - INFO - validate_client_mandatory_fields:105 - Starting client mandatory fields validation
2025-07-01 07:42:27,455 - client_module - INFO - client_tab:126 - Starting client_tab function
2025-07-01 07:42:27,456 - client_module - DEBUG - client_tab:131 - Retrieved client data from dataclass manager
2025-07-01 07:42:27,457 - client_module - DEBUG - client_tab:143 - CSS re-applied for persistence
2025-07-01 07:42:27,458 - client_module - DEBUG - client_tab:150 - Creating top section with client name and URLs
2025-07-01 07:42:27,458 - client_module - DEBUG - client_tab:155 - Processing client enterprise name section
2025-07-01 07:42:27,460 - client_module - DEBUG - client_tab:188 - Find URLs button disabled: False
2025-07-01 07:42:27,460 - client_module - DEBUG - client_tab:243 - Processing client website URL section
2025-07-01 07:42:27,461 - client_module - DEBUG - client_tab:260 - Client name provided: True
2025-07-01 07:42:27,462 - client_module - DEBUG - client_tab:267 - URL options count: 1
2025-07-01 07:42:27,463 - client_module - DEBUG - client_tab:391 - Creating file upload and enterprise details section
2025-07-01 07:42:27,463 - client_module - DEBUG - client_tab:396 - Processing file upload section
2025-07-01 07:42:27,464 - client_module - DEBUG - client_tab:568 - Processing enterprise details section
2025-07-01 07:42:27,465 - client_module - DEBUG - client_tab:606 - Creating client requirements and pain points section
2025-07-01 07:42:27,465 - client_module - DEBUG - client_tab:611 - Processing client requirements section
2025-07-01 07:42:27,466 - client_module - DEBUG - client_tab:635 - Updated client requirements content
2025-07-01 07:42:27,467 - client_module - DEBUG - client_tab:640 - Client requirements provided: True
2025-07-01 07:42:27,467 - client_module - INFO - client_tab:655 - Starting COL6 - Client Pain Points section rendering
2025-07-01 07:42:27,467 - client_module - INFO - client_tab:679 - Using dummy pain points data as fallback
2025-07-01 07:42:27,468 - client_module - DEBUG - client_tab:689 - Rendering 3 pain point items
2025-07-01 07:42:27,468 - client_module - DEBUG - client_tab:694 - Processing pain point item 0: Revenue Challenges
2025-07-01 07:42:27,468 - client_module - DEBUG - client_tab:699 - Pain point 'Revenue Challenges' selection status: True
2025-07-01 07:42:27,469 - client_module - DEBUG - client_tab:898 - Successfully rendered content box for 'Revenue Challenges'
2025-07-01 07:42:27,469 - client_module - DEBUG - client_tab:694 - Processing pain point item 1: Cost and Margin Pressure
2025-07-01 07:42:27,469 - client_module - DEBUG - client_tab:699 - Pain point 'Cost and Margin Pressure' selection status: False
2025-07-01 07:42:27,470 - client_module - DEBUG - client_tab:898 - Successfully rendered content box for 'Cost and Margin Pressure'
2025-07-01 07:42:27,471 - client_module - DEBUG - client_tab:694 - Processing pain point item 2: Market Expansion and Customer Acquisition
2025-07-01 07:42:27,471 - client_module - DEBUG - client_tab:699 - Pain point 'Market Expansion and Customer Acquisition' selection status: False
2025-07-01 07:42:27,472 - client_module - DEBUG - client_tab:898 - Successfully rendered content box for 'Market Expansion and Customer Acquisition'
2025-07-01 07:42:27,473 - client_module - INFO - client_tab:929 - Rendered SPOC name tooltip
2025-07-01 07:42:27,474 - client_module - INFO - client_tab:942 - SPOC name input rendered with value: 
2025-07-01 07:42:27,474 - client_module - INFO - client_tab:975 - SPOC name provided status: False
2025-07-01 07:42:27,474 - client_module - INFO - client_tab:987 - Rendered LinkedIn profile tooltip
2025-07-01 07:42:27,475 - client_module - INFO - client_tab:1043 - LinkedIn profile selector in disabled state
2025-07-01 07:42:27,475 - client_module - INFO - client_tab:1124 - Created roles and priorities columns
2025-07-01 07:42:27,476 - client_module - INFO - client_tab:1136 - Rendered SPOC role tooltip
2025-07-01 07:42:27,476 - client_module - INFO - client_tab:1146 - Retrieved 10 default roles
2025-07-01 07:42:27,476 - client_module - INFO - client_tab:1205 - Role selector rendered with selection: Select a role...
2025-07-01 07:42:27,477 - client_module - INFO - client_tab:1220 - Cleared selected target role
2025-07-01 07:42:27,477 - client_module - INFO - client_tab:1233 - Rendered business priorities tooltip
2025-07-01 07:42:27,477 - client_module - INFO - client_tab:1262 - Using 3 business priorities
2025-07-01 07:42:27,478 - client_module - INFO - client_tab:1312 - Created additional requirements columns
2025-07-01 07:42:27,479 - client_module - INFO - client_tab:1324 - Rendered additional client requirements tooltip
2025-07-01 07:42:27,480 - client_module - INFO - client_tab:1339 - Additional requirements text area rendered with 0 characters
2025-07-01 07:42:27,481 - client_module - INFO - client_tab:1355 - Additional requirements provided status: False
2025-07-01 07:42:27,483 - client_module - INFO - client_tab:1369 - Rendered additional specifications tooltip
2025-07-01 07:42:27,483 - client_module - INFO - client_tab:1387 - Using default additional specs items
2025-07-01 07:42:28,087 - client_module - INFO - validate_client_mandatory_fields:105 - Starting client mandatory fields validation
2025-07-01 07:42:28,089 - client_module - INFO - validate_client_mandatory_fields:105 - Starting client mandatory fields validation
2025-07-01 07:42:28,091 - client_module - INFO - validate_client_mandatory_fields:105 - Starting client mandatory fields validation
