2025-07-02 11:38:41,845 - client_module - INFO - client_tab:125 - Starting client_tab function
2025-07-02 11:38:41,847 - client_module - DEBUG - client_tab:130 - Retrieved client data from dataclass manager
2025-07-02 11:38:41,849 - client_module - DEBUG - client_tab:142 - CSS re-applied for persistence
2025-07-02 11:38:41,850 - client_module - DEBUG - client_tab:149 - Creating top section with client name and URLs
2025-07-02 11:38:41,852 - client_module - DEBUG - client_tab:154 - Processing client enterprise name section
2025-07-02 11:38:41,859 - client_module - DEBUG - client_tab:187 - Find URLs button disabled: False
2025-07-02 11:38:41,861 - client_module - DEBUG - client_tab:242 - Processing client website URL section
2025-07-02 11:38:41,865 - client_module - DEBUG - client_tab:259 - Client name provided: True
2025-07-02 11:38:41,865 - client_module - DEBUG - client_tab:266 - URL options count: 6
2025-07-02 11:38:41,872 - client_module - DEBUG - client_tab:391 - Creating file upload and enterprise details section
2025-07-02 11:38:41,874 - client_module - DEBUG - client_tab:396 - Processing file upload section
2025-07-02 11:38:41,878 - client_module - DEBUG - client_tab:568 - Processing enterprise details section
2025-07-02 11:38:41,881 - client_module - DEBUG - client_tab:606 - Creating client requirements and pain points section
2025-07-02 11:38:41,883 - client_module - DEBUG - client_tab:611 - Processing client requirements section
2025-07-02 11:38:41,886 - client_module - DEBUG - client_tab:635 - Updated client requirements content
2025-07-02 11:38:41,886 - client_module - DEBUG - client_tab:640 - Client requirements provided: True
2025-07-02 11:38:41,886 - client_module - INFO - client_tab:655 - Starting COL6 - Client Pain Points section rendering
2025-07-02 11:38:41,888 - client_module - INFO - client_tab:679 - Using dummy pain points data as fallback
2025-07-02 11:38:41,891 - client_module - DEBUG - client_tab:689 - Rendering 3 pain point items
2025-07-02 11:38:41,892 - client_module - DEBUG - client_tab:694 - Processing pain point item 0: Revenue Challenges
2025-07-02 11:38:41,893 - client_module - DEBUG - client_tab:699 - Pain point 'Revenue Challenges' selection status: True
2025-07-02 11:38:41,900 - client_module - DEBUG - client_tab:898 - Successfully rendered content box for 'Revenue Challenges'
2025-07-02 11:38:41,900 - client_module - DEBUG - client_tab:694 - Processing pain point item 1: Cost and Margin Pressure
2025-07-02 11:38:41,900 - client_module - DEBUG - client_tab:699 - Pain point 'Cost and Margin Pressure' selection status: True
2025-07-02 11:38:41,907 - client_module - DEBUG - client_tab:898 - Successfully rendered content box for 'Cost and Margin Pressure'
2025-07-02 11:38:41,908 - client_module - DEBUG - client_tab:694 - Processing pain point item 2: Market Expansion and Customer Acquisition
2025-07-02 11:38:41,908 - client_module - DEBUG - client_tab:699 - Pain point 'Market Expansion and Customer Acquisition' selection status: False
2025-07-02 11:38:41,911 - client_module - DEBUG - client_tab:898 - Successfully rendered content box for 'Market Expansion and Customer Acquisition'
2025-07-02 11:38:41,912 - client_module - INFO - client_tab:929 - Rendered SPOC name tooltip
2025-07-02 11:38:41,913 - client_module - INFO - client_tab:942 - SPOC name input rendered with value: Vishwendra verma
2025-07-02 11:38:41,914 - client_module - INFO - client_tab:975 - SPOC name provided status: True
2025-07-02 11:38:41,915 - client_module - INFO - client_tab:987 - Rendered LinkedIn profile tooltip
2025-07-02 11:38:41,917 - client_module - INFO - client_tab:1016 - LinkedIn profile selected: https://www.linkedin.com/in/vishwendra-verma-804041b/
2025-07-02 11:38:41,917 - client_module - INFO - client_tab:1057 - LinkedIn profile changed to: https://www.linkedin.com/in/vishwendra-verma-804041b/
2025-07-02 11:38:41,918 - client_module - INFO - client_tab:1109 - Updated roles and priorities based on LinkedIn profile change
