2025-07-02 11:38:21,464 - client_module - INFO - client_tab:125 - Starting client_tab function
2025-07-02 11:38:21,465 - client_module - DEBUG - client_tab:130 - Retrieved client data from dataclass manager
2025-07-02 11:38:21,468 - client_module - DEBUG - client_tab:142 - CSS re-applied for persistence
2025-07-02 11:38:21,468 - client_module - DEBUG - client_tab:149 - Creating top section with client name and URLs
2025-07-02 11:38:21,469 - client_module - DEBUG - client_tab:154 - Processing client enterprise name section
2025-07-02 11:38:21,472 - client_module - DEBUG - client_tab:187 - Find URLs button disabled: False
2025-07-02 11:38:21,473 - client_module - DEBUG - client_tab:242 - Processing client website URL section
2025-07-02 11:38:21,475 - client_module - DEBUG - client_tab:259 - Client name provided: True
2025-07-02 11:38:21,475 - client_module - DEBUG - client_tab:266 - URL options count: 6
2025-07-02 11:38:21,478 - client_module - DEBUG - client_tab:391 - Creating file upload and enterprise details section
2025-07-02 11:38:21,479 - client_module - DEBUG - client_tab:396 - Processing file upload section
2025-07-02 11:38:21,480 - client_module - DEBUG - client_tab:568 - Processing enterprise details section
2025-07-02 11:38:21,481 - client_module - DEBUG - client_tab:606 - Creating client requirements and pain points section
2025-07-02 11:38:21,483 - client_module - DEBUG - client_tab:611 - Processing client requirements section
2025-07-02 11:38:21,487 - client_module - DEBUG - client_tab:635 - Updated client requirements content
2025-07-02 11:38:21,488 - client_module - DEBUG - client_tab:640 - Client requirements provided: False
2025-07-02 11:38:21,488 - client_module - INFO - client_tab:655 - Starting COL6 - Client Pain Points section rendering
2025-07-02 11:38:21,489 - client_module - INFO - client_tab:679 - Using dummy pain points data as fallback
2025-07-02 11:38:21,491 - client_module - DEBUG - client_tab:689 - Rendering 3 pain point items
2025-07-02 11:38:21,491 - client_module - DEBUG - client_tab:694 - Processing pain point item 0: Revenue Challenges
2025-07-02 11:38:21,491 - client_module - DEBUG - client_tab:699 - Pain point 'Revenue Challenges' selection status: False
2025-07-02 11:38:21,493 - client_module - INFO - client_tab:774 - Pain point button clicked for 'Revenue Challenges', current selection: False
2025-07-02 11:38:21,494 - client_module - INFO - client_tab:826 - Adding pain point 'Revenue Challenges' to requirements
2025-07-02 11:38:21,494 - client_module - DEBUG - client_tab:831 - Current content length before add: 0
2025-07-02 11:38:21,494 - client_module - DEBUG - client_tab:835 - New content length after add: 583
2025-07-02 11:38:21,494 - client_module - INFO - client_tab:847 - Successfully added pain point 'Revenue Challenges'
2025-07-02 11:38:21,813 - client_module - INFO - client_tab:125 - Starting client_tab function
2025-07-02 11:38:21,813 - client_module - DEBUG - client_tab:130 - Retrieved client data from dataclass manager
2025-07-02 11:38:21,814 - client_module - DEBUG - client_tab:142 - CSS re-applied for persistence
2025-07-02 11:38:21,815 - client_module - DEBUG - client_tab:149 - Creating top section with client name and URLs
2025-07-02 11:38:21,816 - client_module - DEBUG - client_tab:154 - Processing client enterprise name section
2025-07-02 11:38:21,817 - client_module - DEBUG - client_tab:187 - Find URLs button disabled: False
2025-07-02 11:38:21,818 - client_module - DEBUG - client_tab:242 - Processing client website URL section
2025-07-02 11:38:21,819 - client_module - DEBUG - client_tab:259 - Client name provided: True
2025-07-02 11:38:21,819 - client_module - DEBUG - client_tab:266 - URL options count: 6
2025-07-02 11:38:21,821 - client_module - DEBUG - client_tab:391 - Creating file upload and enterprise details section
2025-07-02 11:38:21,822 - client_module - DEBUG - client_tab:396 - Processing file upload section
2025-07-02 11:38:21,824 - client_module - DEBUG - client_tab:568 - Processing enterprise details section
2025-07-02 11:38:21,825 - client_module - DEBUG - client_tab:606 - Creating client requirements and pain points section
2025-07-02 11:38:21,826 - client_module - DEBUG - client_tab:611 - Processing client requirements section
2025-07-02 11:38:21,827 - client_module - DEBUG - client_tab:635 - Updated client requirements content
2025-07-02 11:38:21,827 - client_module - DEBUG - client_tab:640 - Client requirements provided: True
2025-07-02 11:38:21,827 - client_module - INFO - client_tab:655 - Starting COL6 - Client Pain Points section rendering
2025-07-02 11:38:21,828 - client_module - INFO - client_tab:679 - Using dummy pain points data as fallback
2025-07-02 11:38:21,828 - client_module - DEBUG - client_tab:689 - Rendering 3 pain point items
2025-07-02 11:38:21,828 - client_module - DEBUG - client_tab:694 - Processing pain point item 0: Revenue Challenges
2025-07-02 11:38:21,828 - client_module - DEBUG - client_tab:699 - Pain point 'Revenue Challenges' selection status: True
2025-07-02 11:38:21,829 - client_module - DEBUG - client_tab:898 - Successfully rendered content box for 'Revenue Challenges'
2025-07-02 11:38:21,829 - client_module - DEBUG - client_tab:694 - Processing pain point item 1: Cost and Margin Pressure
2025-07-02 11:38:21,830 - client_module - DEBUG - client_tab:699 - Pain point 'Cost and Margin Pressure' selection status: False
2025-07-02 11:38:21,831 - client_module - DEBUG - client_tab:898 - Successfully rendered content box for 'Cost and Margin Pressure'
2025-07-02 11:38:21,831 - client_module - DEBUG - client_tab:694 - Processing pain point item 2: Market Expansion and Customer Acquisition
2025-07-02 11:38:21,831 - client_module - DEBUG - client_tab:699 - Pain point 'Market Expansion and Customer Acquisition' selection status: False
2025-07-02 11:38:21,832 - client_module - DEBUG - client_tab:898 - Successfully rendered content box for 'Market Expansion and Customer Acquisition'
2025-07-02 11:38:21,833 - client_module - INFO - client_tab:929 - Rendered SPOC name tooltip
2025-07-02 11:38:21,833 - client_module - INFO - client_tab:942 - SPOC name input rendered with value: 
2025-07-02 11:38:21,834 - client_module - INFO - client_tab:975 - SPOC name provided status: False
2025-07-02 11:38:21,836 - client_module - INFO - client_tab:987 - Rendered LinkedIn profile tooltip
2025-07-02 11:38:21,838 - client_module - INFO - client_tab:1043 - LinkedIn profile selector in disabled state
2025-07-02 11:38:21,839 - client_module - INFO - client_tab:1124 - Created roles and priorities columns
2025-07-02 11:38:21,841 - client_module - INFO - client_tab:1136 - Rendered SPOC role tooltip
2025-07-02 11:38:21,842 - client_module - INFO - client_tab:1146 - Retrieved 10 default roles
2025-07-02 11:38:21,844 - client_module - INFO - client_tab:1205 - Role selector rendered with selection: Select a role...
2025-07-02 11:38:21,845 - client_module - INFO - client_tab:1220 - Cleared selected target role
2025-07-02 11:38:21,846 - client_module - INFO - client_tab:1233 - Rendered business priorities tooltip
2025-07-02 11:38:21,847 - client_module - INFO - client_tab:1262 - Using 3 business priorities
2025-07-02 11:38:21,850 - client_module - INFO - client_tab:1312 - Created additional requirements columns
2025-07-02 11:38:21,851 - client_module - INFO - client_tab:1324 - Rendered additional client requirements tooltip
2025-07-02 11:38:21,854 - client_module - INFO - client_tab:1339 - Additional requirements text area rendered with 0 characters
2025-07-02 11:38:21,855 - client_module - INFO - client_tab:1355 - Additional requirements provided status: False
2025-07-02 11:38:21,856 - client_module - INFO - client_tab:1369 - Rendered additional specifications tooltip
2025-07-02 11:38:21,857 - client_module - INFO - client_tab:1387 - Using default additional specs items
