2025-06-30 21:52:07,780 - client_module - INFO - client_tab:126 - Starting client_tab function
2025-06-30 21:52:07,781 - client_module - DEBUG - client_tab:131 - Retrieved client data from dataclass manager
2025-06-30 21:52:07,783 - client_module - DEBUG - client_tab:143 - CSS re-applied for persistence
2025-06-30 21:52:07,783 - client_module - DEBUG - client_tab:150 - Creating top section with client name and URLs
2025-06-30 21:52:07,785 - client_module - DEBUG - client_tab:155 - Processing client enterprise name section
2025-06-30 21:52:07,788 - client_module - DEBUG - client_tab:188 - Find URLs button disabled: False
2025-06-30 21:52:07,791 - client_module - DEBUG - client_tab:243 - Processing client website URL section
2025-06-30 21:52:07,795 - client_module - DEBUG - client_tab:260 - Client name provided: True
2025-06-30 21:52:07,795 - client_module - DEBUG - client_tab:267 - URL options count: 1
2025-06-30 21:52:07,802 - client_module - DEBUG - client_tab:391 - Creating file upload and enterprise details section
2025-06-30 21:52:07,803 - client_module - DEBUG - client_tab:396 - Processing file upload section
2025-06-30 21:52:07,805 - client_module - DEBUG - client_tab:568 - Processing enterprise details section
2025-06-30 21:52:07,807 - client_module - DEBUG - client_tab:606 - Creating client requirements and pain points section
2025-06-30 21:52:07,808 - client_module - DEBUG - client_tab:611 - Processing client requirements section
2025-06-30 21:52:07,809 - client_module - DEBUG - client_tab:635 - Updated client requirements content
2025-06-30 21:52:07,810 - client_module - DEBUG - client_tab:640 - Client requirements provided: True
2025-06-30 21:52:07,812 - client_module - INFO - client_tab:655 - Starting COL6 - Client Pain Points section rendering
2025-06-30 21:52:07,813 - client_module - INFO - client_tab:679 - Using dummy pain points data as fallback
2025-06-30 21:52:07,814 - client_module - DEBUG - client_tab:689 - Rendering 3 pain point items
2025-06-30 21:52:07,815 - client_module - DEBUG - client_tab:694 - Processing pain point item 0: Revenue Challenges
2025-06-30 21:52:07,815 - client_module - DEBUG - client_tab:699 - Pain point 'Revenue Challenges' selection status: True
2025-06-30 21:52:07,818 - client_module - DEBUG - client_tab:898 - Successfully rendered content box for 'Revenue Challenges'
2025-06-30 21:52:07,820 - client_module - DEBUG - client_tab:694 - Processing pain point item 1: Cost and Margin Pressure
2025-06-30 21:52:07,820 - client_module - DEBUG - client_tab:699 - Pain point 'Cost and Margin Pressure' selection status: True
2025-06-30 21:52:07,823 - client_module - DEBUG - client_tab:898 - Successfully rendered content box for 'Cost and Margin Pressure'
2025-06-30 21:52:07,824 - client_module - DEBUG - client_tab:694 - Processing pain point item 2: Market Expansion and Customer Acquisition
2025-06-30 21:52:07,824 - client_module - DEBUG - client_tab:699 - Pain point 'Market Expansion and Customer Acquisition' selection status: False
2025-06-30 21:52:07,827 - client_module - DEBUG - client_tab:898 - Successfully rendered content box for 'Market Expansion and Customer Acquisition'
2025-06-30 21:52:07,829 - client_module - INFO - client_tab:929 - Rendered SPOC name tooltip
2025-06-30 21:52:07,831 - client_module - INFO - client_tab:942 - SPOC name input rendered with value: 
2025-06-30 21:52:07,832 - client_module - INFO - client_tab:975 - SPOC name provided status: False
2025-06-30 21:52:07,834 - client_module - INFO - client_tab:987 - Rendered LinkedIn profile tooltip
2025-06-30 21:52:07,836 - client_module - INFO - client_tab:1043 - LinkedIn profile selector in disabled state
2025-06-30 21:52:07,839 - client_module - INFO - client_tab:1124 - Created roles and priorities columns
2025-06-30 21:52:07,840 - client_module - INFO - client_tab:1136 - Rendered SPOC role tooltip
2025-06-30 21:52:07,840 - client_module - INFO - client_tab:1146 - Retrieved 10 default roles
2025-06-30 21:52:07,842 - client_module - INFO - client_tab:1205 - Role selector rendered with selection: Select a role...
2025-06-30 21:52:07,843 - client_module - INFO - client_tab:1220 - Cleared selected target role
2025-06-30 21:52:07,845 - client_module - INFO - client_tab:1233 - Rendered business priorities tooltip
2025-06-30 21:52:07,846 - client_module - INFO - client_tab:1262 - Using 3 business priorities
2025-06-30 21:52:07,849 - client_module - INFO - client_tab:1312 - Created additional requirements columns
2025-06-30 21:52:07,852 - client_module - INFO - client_tab:1324 - Rendered additional client requirements tooltip
2025-06-30 21:52:07,853 - client_module - INFO - client_tab:1339 - Additional requirements text area rendered with 30 characters
2025-06-30 21:52:07,854 - client_module - INFO - client_tab:1349 - Updated additional client requirements content
2025-06-30 21:52:07,855 - client_module - INFO - client_tab:1355 - Additional requirements provided status: True
2025-06-30 21:52:07,856 - client_module - INFO - client_tab:1369 - Rendered additional specifications tooltip
2025-06-30 21:52:07,857 - client_module - INFO - client_tab:1387 - Using default additional specs items
2025-06-30 21:52:09,740 - client_module - INFO - validate_client_mandatory_fields:105 - Starting client mandatory fields validation
2025-06-30 21:52:09,743 - client_module - INFO - validate_client_mandatory_fields:105 - Starting client mandatory fields validation
2025-06-30 21:52:09,746 - client_module - INFO - validate_client_mandatory_fields:105 - Starting client mandatory fields validation
