2025-06-30 21:51:52,060 - client_module - INFO - client_tab:126 - Starting client_tab function
2025-06-30 21:51:52,061 - client_module - DEBUG - client_tab:131 - Retrieved client data from dataclass manager
2025-06-30 21:51:52,062 - client_module - DEBUG - client_tab:143 - CSS re-applied for persistence
2025-06-30 21:51:52,063 - client_module - DEBUG - client_tab:150 - Creating top section with client name and URLs
2025-06-30 21:51:52,064 - client_module - DEBUG - client_tab:155 - Processing client enterprise name section
2025-06-30 21:51:52,065 - client_module - DEBUG - client_tab:188 - Find URLs button disabled: False
2025-06-30 21:51:52,066 - client_module - DEBUG - client_tab:243 - Processing client website URL section
2025-06-30 21:51:52,067 - client_module - DEBUG - client_tab:260 - Client name provided: True
2025-06-30 21:51:52,067 - client_module - DEBUG - client_tab:267 - URL options count: 1
2025-06-30 21:51:52,069 - client_module - DEBUG - client_tab:391 - Creating file upload and enterprise details section
2025-06-30 21:51:52,069 - client_module - DEBUG - client_tab:396 - Processing file upload section
2025-06-30 21:51:52,070 - client_module - DEBUG - client_tab:568 - Processing enterprise details section
2025-06-30 21:51:52,071 - client_module - DEBUG - client_tab:606 - Creating client requirements and pain points section
2025-06-30 21:51:52,071 - client_module - DEBUG - client_tab:611 - Processing client requirements section
2025-06-30 21:51:52,072 - client_module - DEBUG - client_tab:635 - Updated client requirements content
2025-06-30 21:51:52,072 - client_module - DEBUG - client_tab:640 - Client requirements provided: True
2025-06-30 21:51:52,073 - client_module - INFO - client_tab:655 - Starting COL6 - Client Pain Points section rendering
2025-06-30 21:51:52,074 - client_module - INFO - client_tab:679 - Using dummy pain points data as fallback
2025-06-30 21:51:52,074 - client_module - DEBUG - client_tab:689 - Rendering 3 pain point items
2025-06-30 21:51:52,074 - client_module - DEBUG - client_tab:694 - Processing pain point item 0: Revenue Challenges
2025-06-30 21:51:52,074 - client_module - DEBUG - client_tab:699 - Pain point 'Revenue Challenges' selection status: True
2025-06-30 21:51:52,076 - client_module - DEBUG - client_tab:898 - Successfully rendered content box for 'Revenue Challenges'
2025-06-30 21:51:52,076 - client_module - DEBUG - client_tab:694 - Processing pain point item 1: Cost and Margin Pressure
2025-06-30 21:51:52,076 - client_module - DEBUG - client_tab:699 - Pain point 'Cost and Margin Pressure' selection status: False
2025-06-30 21:51:52,077 - client_module - DEBUG - client_tab:898 - Successfully rendered content box for 'Cost and Margin Pressure'
2025-06-30 21:51:52,077 - client_module - DEBUG - client_tab:694 - Processing pain point item 2: Market Expansion and Customer Acquisition
2025-06-30 21:51:52,077 - client_module - DEBUG - client_tab:699 - Pain point 'Market Expansion and Customer Acquisition' selection status: False
2025-06-30 21:51:52,078 - client_module - DEBUG - client_tab:898 - Successfully rendered content box for 'Market Expansion and Customer Acquisition'
2025-06-30 21:51:52,080 - client_module - INFO - client_tab:929 - Rendered SPOC name tooltip
2025-06-30 21:51:52,080 - client_module - INFO - client_tab:942 - SPOC name input rendered with value: 
2025-06-30 21:51:52,081 - client_module - INFO - client_tab:975 - SPOC name provided status: False
2025-06-30 21:51:52,081 - client_module - INFO - client_tab:987 - Rendered LinkedIn profile tooltip
2025-06-30 21:51:52,082 - client_module - INFO - client_tab:1043 - LinkedIn profile selector in disabled state
2025-06-30 21:51:52,083 - client_module - INFO - client_tab:1124 - Created roles and priorities columns
2025-06-30 21:51:52,083 - client_module - INFO - client_tab:1136 - Rendered SPOC role tooltip
2025-06-30 21:51:52,083 - client_module - INFO - client_tab:1146 - Retrieved 10 default roles
2025-06-30 21:51:52,084 - client_module - INFO - client_tab:1205 - Role selector rendered with selection: Select a role...
2025-06-30 21:51:52,084 - client_module - INFO - client_tab:1220 - Cleared selected target role
2025-06-30 21:51:52,085 - client_module - INFO - client_tab:1233 - Rendered business priorities tooltip
2025-06-30 21:51:52,085 - client_module - INFO - client_tab:1262 - Using 3 business priorities
2025-06-30 21:51:52,088 - client_module - INFO - client_tab:1312 - Created additional requirements columns
2025-06-30 21:51:52,089 - client_module - INFO - client_tab:1324 - Rendered additional client requirements tooltip
2025-06-30 21:51:52,089 - client_module - INFO - client_tab:1339 - Additional requirements text area rendered with 0 characters
2025-06-30 21:51:52,090 - client_module - INFO - client_tab:1355 - Additional requirements provided status: False
2025-06-30 21:51:52,090 - client_module - INFO - client_tab:1369 - Rendered additional specifications tooltip
2025-06-30 21:51:52,090 - client_module - INFO - client_tab:1387 - Using default additional specs items
2025-06-30 21:51:52,961 - client_module - INFO - validate_client_mandatory_fields:105 - Starting client mandatory fields validation
2025-06-30 21:51:52,962 - client_module - INFO - validate_client_mandatory_fields:105 - Starting client mandatory fields validation
2025-06-30 21:51:52,963 - client_module - INFO - validate_client_mandatory_fields:105 - Starting client mandatory fields validation
2025-06-30 21:51:52,968 - client_module - INFO - client_tab:126 - Starting client_tab function
2025-06-30 21:51:52,969 - client_module - DEBUG - client_tab:131 - Retrieved client data from dataclass manager
2025-06-30 21:51:52,972 - client_module - DEBUG - client_tab:143 - CSS re-applied for persistence
2025-06-30 21:51:52,972 - client_module - DEBUG - client_tab:150 - Creating top section with client name and URLs
2025-06-30 21:51:52,974 - client_module - DEBUG - client_tab:155 - Processing client enterprise name section
2025-06-30 21:51:52,977 - client_module - DEBUG - client_tab:188 - Find URLs button disabled: False
2025-06-30 21:51:52,978 - client_module - DEBUG - client_tab:243 - Processing client website URL section
2025-06-30 21:51:52,979 - client_module - DEBUG - client_tab:260 - Client name provided: True
2025-06-30 21:51:52,979 - client_module - DEBUG - client_tab:267 - URL options count: 1
2025-06-30 21:51:52,982 - client_module - DEBUG - client_tab:391 - Creating file upload and enterprise details section
2025-06-30 21:51:52,983 - client_module - DEBUG - client_tab:396 - Processing file upload section
2025-06-30 21:51:52,984 - client_module - DEBUG - client_tab:568 - Processing enterprise details section
2025-06-30 21:51:52,987 - client_module - DEBUG - client_tab:606 - Creating client requirements and pain points section
2025-06-30 21:51:52,988 - client_module - DEBUG - client_tab:611 - Processing client requirements section
2025-06-30 21:51:52,991 - client_module - DEBUG - client_tab:635 - Updated client requirements content
2025-06-30 21:51:52,991 - client_module - DEBUG - client_tab:640 - Client requirements provided: True
2025-06-30 21:51:52,992 - client_module - INFO - client_tab:655 - Starting COL6 - Client Pain Points section rendering
2025-06-30 21:51:52,994 - client_module - INFO - client_tab:679 - Using dummy pain points data as fallback
2025-06-30 21:51:52,995 - client_module - DEBUG - client_tab:689 - Rendering 3 pain point items
2025-06-30 21:51:52,996 - client_module - DEBUG - client_tab:694 - Processing pain point item 0: Revenue Challenges
2025-06-30 21:51:52,996 - client_module - DEBUG - client_tab:699 - Pain point 'Revenue Challenges' selection status: True
2025-06-30 21:51:53,000 - client_module - DEBUG - client_tab:898 - Successfully rendered content box for 'Revenue Challenges'
2025-06-30 21:51:53,000 - client_module - DEBUG - client_tab:694 - Processing pain point item 1: Cost and Margin Pressure
2025-06-30 21:51:53,000 - client_module - DEBUG - client_tab:699 - Pain point 'Cost and Margin Pressure' selection status: False
2025-06-30 21:51:53,003 - client_module - INFO - client_tab:774 - Pain point button clicked for 'Cost and Margin Pressure', current selection: False
2025-06-30 21:51:53,003 - client_module - INFO - client_tab:826 - Adding pain point 'Cost and Margin Pressure' to requirements
2025-06-30 21:51:53,004 - client_module - DEBUG - client_tab:831 - Current content length before add: 583
2025-06-30 21:51:53,004 - client_module - DEBUG - client_tab:835 - New content length after add: 1178
2025-06-30 21:51:53,004 - client_module - INFO - client_tab:847 - Successfully added pain point 'Cost and Margin Pressure'
2025-06-30 21:51:53,295 - client_module - INFO - validate_client_mandatory_fields:105 - Starting client mandatory fields validation
2025-06-30 21:51:53,297 - client_module - INFO - validate_client_mandatory_fields:105 - Starting client mandatory fields validation
2025-06-30 21:51:53,299 - client_module - INFO - validate_client_mandatory_fields:105 - Starting client mandatory fields validation
