2025-07-01 07:42:31,013 - client_module - INFO - client_tab:126 - Starting client_tab function
2025-07-01 07:42:31,014 - client_module - DEBUG - client_tab:131 - Retrieved client data from dataclass manager
2025-07-01 07:42:31,016 - client_module - DEBUG - client_tab:143 - CSS re-applied for persistence
2025-07-01 07:42:31,017 - client_module - DEBUG - client_tab:150 - Creating top section with client name and URLs
2025-07-01 07:42:31,018 - client_module - DEBUG - client_tab:155 - Processing client enterprise name section
2025-07-01 07:42:31,021 - client_module - DEBUG - client_tab:188 - Find URLs button disabled: False
2025-07-01 07:42:31,022 - client_module - DEBUG - client_tab:243 - Processing client website URL section
2025-07-01 07:42:31,024 - client_module - DEBUG - client_tab:260 - Client name provided: True
2025-07-01 07:42:31,024 - client_module - DEBUG - client_tab:267 - URL options count: 1
2025-07-01 07:42:31,028 - client_module - DEBUG - client_tab:391 - Creating file upload and enterprise details section
2025-07-01 07:42:31,029 - client_module - DEBUG - client_tab:396 - Processing file upload section
2025-07-01 07:42:31,031 - client_module - DEBUG - client_tab:568 - Processing enterprise details section
2025-07-01 07:42:31,032 - client_module - DEBUG - client_tab:606 - Creating client requirements and pain points section
2025-07-01 07:42:31,034 - client_module - DEBUG - client_tab:611 - Processing client requirements section
2025-07-01 07:42:31,035 - client_module - DEBUG - client_tab:635 - Updated client requirements content
2025-07-01 07:42:31,036 - client_module - DEBUG - client_tab:640 - Client requirements provided: True
2025-07-01 07:42:31,036 - client_module - INFO - client_tab:655 - Starting COL6 - Client Pain Points section rendering
2025-07-01 07:42:31,037 - client_module - INFO - client_tab:679 - Using dummy pain points data as fallback
2025-07-01 07:42:31,038 - client_module - DEBUG - client_tab:689 - Rendering 3 pain point items
2025-07-01 07:42:31,039 - client_module - DEBUG - client_tab:694 - Processing pain point item 0: Revenue Challenges
2025-07-01 07:42:31,039 - client_module - DEBUG - client_tab:699 - Pain point 'Revenue Challenges' selection status: True
2025-07-01 07:42:31,045 - client_module - DEBUG - client_tab:898 - Successfully rendered content box for 'Revenue Challenges'
2025-07-01 07:42:31,045 - client_module - DEBUG - client_tab:694 - Processing pain point item 1: Cost and Margin Pressure
2025-07-01 07:42:31,046 - client_module - DEBUG - client_tab:699 - Pain point 'Cost and Margin Pressure' selection status: True
2025-07-01 07:42:31,051 - client_module - DEBUG - client_tab:898 - Successfully rendered content box for 'Cost and Margin Pressure'
2025-07-01 07:42:31,052 - client_module - DEBUG - client_tab:694 - Processing pain point item 2: Market Expansion and Customer Acquisition
2025-07-01 07:42:31,053 - client_module - DEBUG - client_tab:699 - Pain point 'Market Expansion and Customer Acquisition' selection status: False
2025-07-01 07:42:31,058 - client_module - DEBUG - client_tab:898 - Successfully rendered content box for 'Market Expansion and Customer Acquisition'
2025-07-01 07:42:31,061 - client_module - INFO - client_tab:929 - Rendered SPOC name tooltip
2025-07-01 07:42:31,064 - client_module - INFO - client_tab:942 - SPOC name input rendered with value: 
2025-07-01 07:42:31,065 - client_module - INFO - client_tab:975 - SPOC name provided status: False
2025-07-01 07:42:31,067 - client_module - INFO - client_tab:987 - Rendered LinkedIn profile tooltip
2025-07-01 07:42:31,069 - client_module - INFO - client_tab:1043 - LinkedIn profile selector in disabled state
2025-07-01 07:42:31,070 - client_module - INFO - client_tab:1124 - Created roles and priorities columns
2025-07-01 07:42:31,071 - client_module - INFO - client_tab:1136 - Rendered SPOC role tooltip
2025-07-01 07:42:31,071 - client_module - INFO - client_tab:1146 - Retrieved 10 default roles
2025-07-01 07:42:31,072 - client_module - INFO - client_tab:1205 - Role selector rendered with selection: Select a role...
2025-07-01 07:42:31,073 - client_module - INFO - client_tab:1220 - Cleared selected target role
2025-07-01 07:42:31,073 - client_module - INFO - client_tab:1233 - Rendered business priorities tooltip
2025-07-01 07:42:31,074 - client_module - INFO - client_tab:1262 - Using 3 business priorities
2025-07-01 07:42:31,075 - client_module - INFO - client_tab:1312 - Created additional requirements columns
2025-07-01 07:42:31,077 - client_module - INFO - client_tab:1324 - Rendered additional client requirements tooltip
2025-07-01 07:42:31,079 - client_module - INFO - client_tab:1339 - Additional requirements text area rendered with 616 characters
2025-07-01 07:42:31,079 - client_module - INFO - client_tab:1355 - Additional requirements provided status: True
2025-07-01 07:42:31,080 - client_module - INFO - client_tab:1369 - Rendered additional specifications tooltip
2025-07-01 07:42:31,081 - client_module - INFO - client_tab:1387 - Using default additional specs items
2025-07-01 07:42:31,090 - client_module - INFO - client_tab:1478 - Added additional spec: Compliance and Security Standards
2025-07-01 07:42:31,321 - client_module - INFO - validate_client_mandatory_fields:105 - Starting client mandatory fields validation
2025-07-01 07:42:31,322 - client_module - INFO - validate_client_mandatory_fields:105 - Starting client mandatory fields validation
2025-07-01 07:42:31,322 - client_module - INFO - validate_client_mandatory_fields:105 - Starting client mandatory fields validation
2025-07-01 07:42:31,324 - client_module - INFO - client_tab:126 - Starting client_tab function
2025-07-01 07:42:31,324 - client_module - DEBUG - client_tab:131 - Retrieved client data from dataclass manager
2025-07-01 07:42:31,325 - client_module - DEBUG - client_tab:143 - CSS re-applied for persistence
2025-07-01 07:42:31,325 - client_module - DEBUG - client_tab:150 - Creating top section with client name and URLs
2025-07-01 07:42:31,325 - client_module - DEBUG - client_tab:155 - Processing client enterprise name section
2025-07-01 07:42:31,326 - client_module - DEBUG - client_tab:188 - Find URLs button disabled: False
2025-07-01 07:42:31,326 - client_module - DEBUG - client_tab:243 - Processing client website URL section
2025-07-01 07:42:31,327 - client_module - DEBUG - client_tab:260 - Client name provided: True
2025-07-01 07:42:31,327 - client_module - DEBUG - client_tab:267 - URL options count: 1
2025-07-01 07:42:31,328 - client_module - DEBUG - client_tab:391 - Creating file upload and enterprise details section
2025-07-01 07:42:31,330 - client_module - DEBUG - client_tab:396 - Processing file upload section
2025-07-01 07:42:31,331 - client_module - DEBUG - client_tab:568 - Processing enterprise details section
2025-07-01 07:42:31,332 - client_module - DEBUG - client_tab:606 - Creating client requirements and pain points section
2025-07-01 07:42:31,332 - client_module - DEBUG - client_tab:611 - Processing client requirements section
2025-07-01 07:42:31,333 - client_module - DEBUG - client_tab:635 - Updated client requirements content
2025-07-01 07:42:31,334 - client_module - DEBUG - client_tab:640 - Client requirements provided: True
2025-07-01 07:42:31,334 - client_module - INFO - client_tab:655 - Starting COL6 - Client Pain Points section rendering
2025-07-01 07:42:31,334 - client_module - INFO - client_tab:679 - Using dummy pain points data as fallback
2025-07-01 07:42:31,335 - client_module - DEBUG - client_tab:689 - Rendering 3 pain point items
2025-07-01 07:42:31,335 - client_module - DEBUG - client_tab:694 - Processing pain point item 0: Revenue Challenges
2025-07-01 07:42:31,335 - client_module - DEBUG - client_tab:699 - Pain point 'Revenue Challenges' selection status: True
2025-07-01 07:42:31,337 - client_module - DEBUG - client_tab:898 - Successfully rendered content box for 'Revenue Challenges'
2025-07-01 07:42:31,337 - client_module - DEBUG - client_tab:694 - Processing pain point item 1: Cost and Margin Pressure
2025-07-01 07:42:31,337 - client_module - DEBUG - client_tab:699 - Pain point 'Cost and Margin Pressure' selection status: True
2025-07-01 07:42:31,338 - client_module - DEBUG - client_tab:898 - Successfully rendered content box for 'Cost and Margin Pressure'
2025-07-01 07:42:31,339 - client_module - DEBUG - client_tab:694 - Processing pain point item 2: Market Expansion and Customer Acquisition
2025-07-01 07:42:31,339 - client_module - DEBUG - client_tab:699 - Pain point 'Market Expansion and Customer Acquisition' selection status: False
2025-07-01 07:42:31,340 - client_module - DEBUG - client_tab:898 - Successfully rendered content box for 'Market Expansion and Customer Acquisition'
2025-07-01 07:42:31,340 - client_module - INFO - client_tab:929 - Rendered SPOC name tooltip
2025-07-01 07:42:31,341 - client_module - INFO - client_tab:942 - SPOC name input rendered with value: 
2025-07-01 07:42:31,341 - client_module - INFO - client_tab:975 - SPOC name provided status: False
2025-07-01 07:42:31,342 - client_module - INFO - client_tab:987 - Rendered LinkedIn profile tooltip
2025-07-01 07:42:31,343 - client_module - INFO - client_tab:1043 - LinkedIn profile selector in disabled state
2025-07-01 07:42:31,344 - client_module - INFO - client_tab:1124 - Created roles and priorities columns
2025-07-01 07:42:31,345 - client_module - INFO - client_tab:1136 - Rendered SPOC role tooltip
2025-07-01 07:42:31,345 - client_module - INFO - client_tab:1146 - Retrieved 10 default roles
2025-07-01 07:42:31,346 - client_module - INFO - client_tab:1205 - Role selector rendered with selection: Select a role...
2025-07-01 07:42:31,346 - client_module - INFO - client_tab:1220 - Cleared selected target role
2025-07-01 07:42:31,347 - client_module - INFO - client_tab:1233 - Rendered business priorities tooltip
2025-07-01 07:42:31,347 - client_module - INFO - client_tab:1262 - Using 3 business priorities
2025-07-01 07:42:31,348 - client_module - INFO - client_tab:1312 - Created additional requirements columns
2025-07-01 07:42:31,349 - client_module - INFO - client_tab:1324 - Rendered additional client requirements tooltip
2025-07-01 07:42:31,350 - client_module - INFO - client_tab:1339 - Additional requirements text area rendered with 1158 characters
2025-07-01 07:42:31,350 - client_module - INFO - client_tab:1355 - Additional requirements provided status: True
2025-07-01 07:42:31,350 - client_module - INFO - client_tab:1369 - Rendered additional specifications tooltip
2025-07-01 07:42:31,351 - client_module - INFO - client_tab:1387 - Using default additional specs items
2025-07-01 07:42:33,851 - client_module - INFO - validate_client_mandatory_fields:105 - Starting client mandatory fields validation
2025-07-01 07:42:34,123 - client_module - INFO - validate_client_mandatory_fields:105 - Starting client mandatory fields validation
2025-07-01 07:42:34,125 - client_module - INFO - validate_client_mandatory_fields:105 - Starting client mandatory fields validation
2025-07-01 07:42:34,125 - client_module - INFO - validate_client_mandatory_fields:105 - Starting client mandatory fields validation
2025-07-01 07:42:34,126 - client_module - INFO - validate_client_mandatory_fields:105 - Starting client mandatory fields validation
2025-07-01 07:42:34,628 - client_module - INFO - validate_client_mandatory_fields:105 - Starting client mandatory fields validation
2025-07-01 07:42:34,858 - client_module - INFO - validate_client_mandatory_fields:105 - Starting client mandatory fields validation
2025-07-01 07:42:34,859 - client_module - INFO - validate_client_mandatory_fields:105 - Starting client mandatory fields validation
2025-07-01 07:42:34,860 - client_module - INFO - validate_client_mandatory_fields:105 - Starting client mandatory fields validation
2025-07-01 07:42:34,860 - client_module - INFO - validate_client_mandatory_fields:105 - Starting client mandatory fields validation
2025-07-01 07:42:38,872 - client_module - INFO - validate_client_mandatory_fields:105 - Starting client mandatory fields validation
2025-07-01 07:42:38,875 - client_module - INFO - validate_client_mandatory_fields:105 - Starting client mandatory fields validation
2025-07-01 07:42:38,876 - client_module - INFO - validate_client_mandatory_fields:105 - Starting client mandatory fields validation
2025-07-01 07:42:38,879 - client_module - INFO - validate_client_mandatory_fields:105 - Starting client mandatory fields validation
2025-07-01 07:42:41,501 - client_module - INFO - validate_client_mandatory_fields:105 - Starting client mandatory fields validation
2025-07-01 07:42:41,502 - client_module - INFO - validate_client_mandatory_fields:105 - Starting client mandatory fields validation
2025-07-01 07:42:41,504 - client_module - INFO - validate_client_mandatory_fields:105 - Starting client mandatory fields validation
2025-07-01 07:42:41,506 - client_module - INFO - validate_client_mandatory_fields:105 - Starting client mandatory fields validation
2025-07-01 07:42:41,755 - client_module - INFO - validate_client_mandatory_fields:105 - Starting client mandatory fields validation
2025-07-01 07:42:41,756 - client_module - INFO - validate_client_mandatory_fields:105 - Starting client mandatory fields validation
2025-07-01 07:42:41,757 - client_module - INFO - validate_client_mandatory_fields:105 - Starting client mandatory fields validation
2025-07-01 07:42:41,758 - client_module - INFO - validate_client_mandatory_fields:105 - Starting client mandatory fields validation
2025-07-01 07:42:42,565 - client_module - INFO - validate_client_mandatory_fields:105 - Starting client mandatory fields validation
2025-07-01 07:42:42,567 - client_module - INFO - validate_client_mandatory_fields:105 - Starting client mandatory fields validation
2025-07-01 07:42:42,568 - client_module - INFO - validate_client_mandatory_fields:105 - Starting client mandatory fields validation
2025-07-01 07:42:42,570 - client_module - INFO - validate_client_mandatory_fields:105 - Starting client mandatory fields validation
2025-07-01 07:42:42,863 - client_module - INFO - validate_client_mandatory_fields:105 - Starting client mandatory fields validation
2025-07-01 07:42:42,864 - client_module - INFO - validate_client_mandatory_fields:105 - Starting client mandatory fields validation
2025-07-01 07:42:42,864 - client_module - INFO - validate_client_mandatory_fields:105 - Starting client mandatory fields validation
2025-07-01 07:42:42,865 - client_module - INFO - validate_client_mandatory_fields:105 - Starting client mandatory fields validation
2025-07-01 07:42:48,283 - client_module - INFO - validate_client_mandatory_fields:105 - Starting client mandatory fields validation
2025-07-01 07:42:48,285 - client_module - INFO - validate_client_mandatory_fields:105 - Starting client mandatory fields validation
2025-07-01 07:42:48,563 - client_module - INFO - validate_client_mandatory_fields:105 - Starting client mandatory fields validation
2025-07-01 07:42:48,564 - client_module - INFO - validate_client_mandatory_fields:105 - Starting client mandatory fields validation
2025-07-01 07:42:48,565 - client_module - INFO - validate_client_mandatory_fields:105 - Starting client mandatory fields validation
2025-07-01 07:42:48,566 - client_module - INFO - validate_client_mandatory_fields:105 - Starting client mandatory fields validation
