2025-07-01 21:15:32,338 - client_module - INFO - client_tab:125 - Starting client_tab function
2025-07-01 21:15:32,340 - client_module - DEBUG - client_tab:130 - Retrieved client data from dataclass manager
2025-07-01 21:15:32,345 - client_module - DEBUG - client_tab:142 - CSS re-applied for persistence
2025-07-01 21:15:32,345 - client_module - DEBUG - client_tab:149 - Creating top section with client name and URLs
2025-07-01 21:15:32,348 - client_module - DEBUG - client_tab:154 - Processing client enterprise name section
2025-07-01 21:15:32,352 - client_module - DEBUG - client_tab:187 - Find URLs button disabled: False
2025-07-01 21:15:32,354 - client_module - INFO - client_tab:195 - Find URLs button clicked for: Growth sutra
2025-07-01 21:15:45,885 - client_module - INFO - client_tab:201 - Found 4 URLs for Growth sutra
2025-07-01 21:15:45,886 - client_module - DEBUG - client_tab:207 - Updated client data with URLs list
2025-07-01 21:15:45,886 - client_module - DEBUG - client_tab:242 - Processing client website URL section
2025-07-01 21:15:45,888 - client_module - DEBUG - client_tab:259 - Client name provided: True
2025-07-01 21:15:45,889 - client_module - DEBUG - client_tab:266 - URL options count: 5
2025-07-01 21:15:45,893 - client_module - DEBUG - client_tab:390 - Creating file upload and enterprise details section
2025-07-01 21:15:45,894 - client_module - DEBUG - client_tab:395 - Processing file upload section
2025-07-01 21:15:45,895 - client_module - DEBUG - client_tab:567 - Processing enterprise details section
2025-07-01 21:15:45,897 - client_module - DEBUG - client_tab:605 - Creating client requirements and pain points section
2025-07-01 21:15:45,898 - client_module - DEBUG - client_tab:610 - Processing client requirements section
2025-07-01 21:15:45,900 - client_module - DEBUG - client_tab:634 - Updated client requirements content
2025-07-01 21:15:45,900 - client_module - DEBUG - client_tab:639 - Client requirements provided: False
2025-07-01 21:15:45,900 - client_module - INFO - client_tab:654 - Starting COL6 - Client Pain Points section rendering
2025-07-01 21:15:45,901 - client_module - INFO - client_tab:678 - Using dummy pain points data as fallback
2025-07-01 21:15:45,902 - client_module - DEBUG - client_tab:688 - Rendering 3 pain point items
2025-07-01 21:15:45,903 - client_module - DEBUG - client_tab:693 - Processing pain point item 0: Revenue Challenges
2025-07-01 21:15:45,903 - client_module - DEBUG - client_tab:698 - Pain point 'Revenue Challenges' selection status: False
2025-07-01 21:15:45,905 - client_module - DEBUG - client_tab:897 - Successfully rendered content box for 'Revenue Challenges'
2025-07-01 21:15:45,906 - client_module - DEBUG - client_tab:693 - Processing pain point item 1: Cost and Margin Pressure
2025-07-01 21:15:45,908 - client_module - DEBUG - client_tab:698 - Pain point 'Cost and Margin Pressure' selection status: False
2025-07-01 21:15:45,911 - client_module - DEBUG - client_tab:897 - Successfully rendered content box for 'Cost and Margin Pressure'
2025-07-01 21:15:45,912 - client_module - DEBUG - client_tab:693 - Processing pain point item 2: Market Expansion and Customer Acquisition
2025-07-01 21:15:45,912 - client_module - DEBUG - client_tab:698 - Pain point 'Market Expansion and Customer Acquisition' selection status: False
2025-07-01 21:15:45,915 - client_module - DEBUG - client_tab:897 - Successfully rendered content box for 'Market Expansion and Customer Acquisition'
2025-07-01 21:15:45,917 - client_module - INFO - client_tab:928 - Rendered SPOC name tooltip
2025-07-01 21:15:45,919 - client_module - INFO - client_tab:941 - SPOC name input rendered with value: 
2025-07-01 21:15:45,919 - client_module - INFO - client_tab:974 - SPOC name provided status: False
2025-07-01 21:15:45,920 - client_module - INFO - client_tab:986 - Rendered LinkedIn profile tooltip
2025-07-01 21:15:45,922 - client_module - INFO - client_tab:1042 - LinkedIn profile selector in disabled state
2025-07-01 21:15:45,924 - client_module - INFO - client_tab:1123 - Created roles and priorities columns
2025-07-01 21:15:45,927 - client_module - INFO - client_tab:1135 - Rendered SPOC role tooltip
2025-07-01 21:15:45,930 - client_module - INFO - client_tab:1145 - Retrieved 10 default roles
2025-07-01 21:15:45,932 - client_module - INFO - client_tab:1204 - Role selector rendered with selection: Select a role...
2025-07-01 21:15:45,933 - client_module - INFO - client_tab:1219 - Cleared selected target role
2025-07-01 21:15:45,936 - client_module - INFO - client_tab:1232 - Rendered business priorities tooltip
2025-07-01 21:15:45,938 - client_module - INFO - client_tab:1261 - Using 3 business priorities
2025-07-01 21:15:45,948 - client_module - INFO - client_tab:1311 - Created additional requirements columns
2025-07-01 21:15:45,951 - client_module - INFO - client_tab:1323 - Rendered additional client requirements tooltip
2025-07-01 21:15:45,953 - client_module - INFO - client_tab:1338 - Additional requirements text area rendered with 0 characters
2025-07-01 21:15:45,955 - client_module - INFO - client_tab:1354 - Additional requirements provided status: False
2025-07-01 21:15:45,958 - client_module - INFO - client_tab:1368 - Rendered additional specifications tooltip
2025-07-01 21:15:45,959 - client_module - INFO - client_tab:1386 - Using default additional specs items
