2025-07-01 07:43:37,757 - client_module - INFO - client_tab:126 - Starting client_tab function
2025-07-01 07:43:37,758 - client_module - DEBUG - client_tab:131 - Retrieved client data from dataclass manager
2025-07-01 07:43:37,761 - client_module - DEBUG - client_tab:143 - CSS re-applied for persistence
2025-07-01 07:43:37,761 - client_module - DEBUG - client_tab:150 - Creating top section with client name and URLs
2025-07-01 07:43:37,764 - client_module - DEBUG - client_tab:155 - Processing client enterprise name section
2025-07-01 07:43:37,768 - client_module - INFO - client_tab:180 - Updated enterprise name: dfsdfds
2025-07-01 07:43:37,769 - client_module - DEBUG - client_tab:188 - Find URLs button disabled: False
2025-07-01 07:43:37,770 - client_module - DEBUG - client_tab:243 - Processing client website URL section
2025-07-01 07:43:37,773 - client_module - DEBUG - client_tab:260 - Client name provided: True
2025-07-01 07:43:37,773 - client_module - DEBUG - client_tab:267 - URL options count: 1
2025-07-01 07:43:37,777 - client_module - DEBUG - client_tab:391 - Creating file upload and enterprise details section
2025-07-01 07:43:37,778 - client_module - DEBUG - client_tab:396 - Processing file upload section
2025-07-01 07:43:37,780 - client_module - DEBUG - client_tab:568 - Processing enterprise details section
2025-07-01 07:43:37,782 - client_module - DEBUG - client_tab:606 - Creating client requirements and pain points section
2025-07-01 07:43:37,783 - client_module - DEBUG - client_tab:611 - Processing client requirements section
2025-07-01 07:43:37,785 - client_module - DEBUG - client_tab:635 - Updated client requirements content
2025-07-01 07:43:37,785 - client_module - DEBUG - client_tab:640 - Client requirements provided: False
2025-07-01 07:43:37,785 - client_module - INFO - client_tab:655 - Starting COL6 - Client Pain Points section rendering
2025-07-01 07:43:37,785 - client_module - INFO - client_tab:679 - Using dummy pain points data as fallback
2025-07-01 07:43:37,786 - client_module - DEBUG - client_tab:689 - Rendering 3 pain point items
2025-07-01 07:43:37,786 - client_module - DEBUG - client_tab:694 - Processing pain point item 0: Revenue Challenges
2025-07-01 07:43:37,786 - client_module - DEBUG - client_tab:699 - Pain point 'Revenue Challenges' selection status: False
2025-07-01 07:43:37,791 - client_module - DEBUG - client_tab:898 - Successfully rendered content box for 'Revenue Challenges'
2025-07-01 07:43:37,791 - client_module - DEBUG - client_tab:694 - Processing pain point item 1: Cost and Margin Pressure
2025-07-01 07:43:37,791 - client_module - DEBUG - client_tab:699 - Pain point 'Cost and Margin Pressure' selection status: False
2025-07-01 07:43:37,794 - client_module - DEBUG - client_tab:898 - Successfully rendered content box for 'Cost and Margin Pressure'
2025-07-01 07:43:37,795 - client_module - DEBUG - client_tab:694 - Processing pain point item 2: Market Expansion and Customer Acquisition
2025-07-01 07:43:37,795 - client_module - DEBUG - client_tab:699 - Pain point 'Market Expansion and Customer Acquisition' selection status: False
2025-07-01 07:43:37,797 - client_module - DEBUG - client_tab:898 - Successfully rendered content box for 'Market Expansion and Customer Acquisition'
2025-07-01 07:43:37,799 - client_module - INFO - client_tab:929 - Rendered SPOC name tooltip
2025-07-01 07:43:37,801 - client_module - INFO - client_tab:942 - SPOC name input rendered with value: 
2025-07-01 07:43:37,802 - client_module - INFO - client_tab:975 - SPOC name provided status: False
2025-07-01 07:43:37,803 - client_module - INFO - client_tab:987 - Rendered LinkedIn profile tooltip
2025-07-01 07:43:37,804 - client_module - INFO - client_tab:1043 - LinkedIn profile selector in disabled state
2025-07-01 07:43:37,805 - client_module - INFO - client_tab:1124 - Created roles and priorities columns
2025-07-01 07:43:37,806 - client_module - INFO - client_tab:1136 - Rendered SPOC role tooltip
2025-07-01 07:43:37,806 - client_module - INFO - client_tab:1146 - Retrieved 10 default roles
2025-07-01 07:43:37,807 - client_module - INFO - client_tab:1205 - Role selector rendered with selection: Select a role...
2025-07-01 07:43:37,808 - client_module - INFO - client_tab:1220 - Cleared selected target role
2025-07-01 07:43:37,809 - client_module - INFO - client_tab:1233 - Rendered business priorities tooltip
2025-07-01 07:43:37,809 - client_module - INFO - client_tab:1262 - Using 3 business priorities
2025-07-01 07:43:37,812 - client_module - INFO - client_tab:1312 - Created additional requirements columns
2025-07-01 07:43:37,814 - client_module - INFO - client_tab:1324 - Rendered additional client requirements tooltip
2025-07-01 07:43:37,815 - client_module - INFO - client_tab:1339 - Additional requirements text area rendered with 0 characters
2025-07-01 07:43:37,816 - client_module - INFO - client_tab:1355 - Additional requirements provided status: False
2025-07-01 07:43:37,817 - client_module - INFO - client_tab:1369 - Rendered additional specifications tooltip
2025-07-01 07:43:37,818 - client_module - INFO - client_tab:1387 - Using default additional specs items
2025-07-01 07:43:39,337 - client_module - INFO - validate_client_mandatory_fields:105 - Starting client mandatory fields validation
2025-07-01 07:43:39,341 - client_module - INFO - validate_client_mandatory_fields:105 - Starting client mandatory fields validation
2025-07-01 07:43:39,775 - client_module - INFO - validate_client_mandatory_fields:105 - Starting client mandatory fields validation
2025-07-01 07:43:39,778 - client_module - INFO - validate_client_mandatory_fields:105 - Starting client mandatory fields validation
2025-07-01 07:43:39,779 - client_module - INFO - validate_client_mandatory_fields:105 - Starting client mandatory fields validation
2025-07-01 07:43:39,782 - client_module - INFO - validate_client_mandatory_fields:105 - Starting client mandatory fields validation
