2025-07-02 11:44:22,248 - client_module - INFO - client_tab:125 - Starting client_tab function
2025-07-02 11:44:22,249 - client_module - DEBUG - client_tab:130 - Retrieved client data from dataclass manager
2025-07-02 11:44:22,249 - client_module - DEBUG - client_tab:142 - CSS re-applied for persistence
2025-07-02 11:44:22,249 - client_module - DEBUG - client_tab:149 - Creating top section with client name and URLs
2025-07-02 11:44:22,249 - client_module - DEBUG - client_tab:154 - Processing client enterprise name section
2025-07-02 11:44:22,250 - client_module - DEBUG - client_tab:187 - Find URLs button disabled: False
2025-07-02 11:44:22,250 - client_module - DEBUG - client_tab:242 - Processing client website URL section
2025-07-02 11:44:22,251 - client_module - DEBUG - client_tab:259 - Client name provided: True
2025-07-02 11:44:22,251 - client_module - DEBUG - client_tab:266 - URL options count: 8
2025-07-02 11:44:22,252 - client_module - INFO - client_tab:323 - Scrape button clicked for URL: https://growthsutras.com/
2025-07-02 11:44:22,426 - client_module - INFO - client_tab:125 - Starting client_tab function
2025-07-02 11:44:22,427 - client_module - DEBUG - client_tab:130 - Retrieved client data from dataclass manager
2025-07-02 11:44:22,427 - client_module - DEBUG - client_tab:142 - CSS re-applied for persistence
2025-07-02 11:44:22,427 - client_module - DEBUG - client_tab:149 - Creating top section with client name and URLs
2025-07-02 11:44:22,427 - client_module - DEBUG - client_tab:154 - Processing client enterprise name section
2025-07-02 11:44:22,428 - client_module - DEBUG - client_tab:187 - Find URLs button disabled: False
2025-07-02 11:44:22,428 - client_module - DEBUG - client_tab:242 - Processing client website URL section
2025-07-02 11:44:22,429 - client_module - DEBUG - client_tab:259 - Client name provided: True
2025-07-02 11:44:22,429 - client_module - DEBUG - client_tab:266 - URL options count: 8
2025-07-02 11:44:22,431 - client_module - INFO - client_tab:350 - Starting website scraping for: https://growthsutras.com/
2025-07-02 11:44:40,487 - client_module - INFO - client_tab:367 - Successfully scraped website details, length: 307
