2025-06-30 21:51:51,765 - client_module - INFO - client_tab:126 - Starting client_tab function
2025-06-30 21:51:51,767 - client_module - DEBUG - client_tab:131 - Retrieved client data from dataclass manager
2025-06-30 21:51:51,772 - client_module - DEBUG - client_tab:143 - CSS re-applied for persistence
2025-06-30 21:51:51,772 - client_module - DEBUG - client_tab:150 - Creating top section with client name and URLs
2025-06-30 21:51:51,774 - client_module - DEBUG - client_tab:155 - Processing client enterprise name section
2025-06-30 21:51:51,777 - client_module - DEBUG - client_tab:188 - Find URLs button disabled: False
2025-06-30 21:51:51,780 - client_module - DEBUG - client_tab:243 - Processing client website URL section
2025-06-30 21:51:51,785 - client_module - DEBUG - client_tab:260 - Client name provided: True
2025-06-30 21:51:51,785 - client_module - DEBUG - client_tab:267 - URL options count: 1
2025-06-30 21:51:51,788 - client_module - DEBUG - client_tab:391 - Creating file upload and enterprise details section
2025-06-30 21:51:51,789 - client_module - DEBUG - client_tab:396 - Processing file upload section
2025-06-30 21:51:51,793 - client_module - DEBUG - client_tab:568 - Processing enterprise details section
2025-06-30 21:51:51,795 - client_module - DEBUG - client_tab:606 - Creating client requirements and pain points section
2025-06-30 21:51:51,796 - client_module - DEBUG - client_tab:611 - Processing client requirements section
2025-06-30 21:51:51,798 - client_module - DEBUG - client_tab:635 - Updated client requirements content
2025-06-30 21:51:51,798 - client_module - DEBUG - client_tab:640 - Client requirements provided: False
2025-06-30 21:51:51,798 - client_module - INFO - client_tab:655 - Starting COL6 - Client Pain Points section rendering
2025-06-30 21:51:51,799 - client_module - INFO - client_tab:679 - Using dummy pain points data as fallback
2025-06-30 21:51:51,800 - client_module - DEBUG - client_tab:689 - Rendering 3 pain point items
2025-06-30 21:51:51,800 - client_module - DEBUG - client_tab:694 - Processing pain point item 0: Revenue Challenges
2025-06-30 21:51:51,800 - client_module - DEBUG - client_tab:699 - Pain point 'Revenue Challenges' selection status: False
2025-06-30 21:51:51,803 - client_module - INFO - client_tab:774 - Pain point button clicked for 'Revenue Challenges', current selection: False
2025-06-30 21:51:51,804 - client_module - INFO - client_tab:826 - Adding pain point 'Revenue Challenges' to requirements
2025-06-30 21:51:51,804 - client_module - DEBUG - client_tab:831 - Current content length before add: 0
2025-06-30 21:51:51,804 - client_module - DEBUG - client_tab:835 - New content length after add: 583
2025-06-30 21:51:51,805 - client_module - INFO - client_tab:847 - Successfully added pain point 'Revenue Challenges'
2025-06-30 21:51:52,057 - client_module - INFO - validate_client_mandatory_fields:105 - Starting client mandatory fields validation
2025-06-30 21:51:52,058 - client_module - INFO - validate_client_mandatory_fields:105 - Starting client mandatory fields validation
2025-06-30 21:51:52,058 - client_module - INFO - validate_client_mandatory_fields:105 - Starting client mandatory fields validation
