2025-07-02 11:45:32,201 - client_module - INFO - client_tab:125 - Starting client_tab function
2025-07-02 11:45:32,201 - client_module - DEBUG - client_tab:130 - Retrieved client data from dataclass manager
2025-07-02 11:45:32,202 - client_module - DEBUG - client_tab:142 - CSS re-applied for persistence
2025-07-02 11:45:32,202 - client_module - DEBUG - client_tab:149 - Creating top section with client name and URLs
2025-07-02 11:45:32,203 - client_module - DEBUG - client_tab:154 - Processing client enterprise name section
2025-07-02 11:45:32,204 - client_module - DEBUG - client_tab:187 - Find URLs button disabled: False
2025-07-02 11:45:32,204 - client_module - DEBUG - client_tab:242 - Processing client website URL section
2025-07-02 11:45:32,205 - client_module - DEBUG - client_tab:259 - Client name provided: True
2025-07-02 11:45:32,206 - client_module - DEBUG - client_tab:266 - URL options count: 8
2025-07-02 11:45:32,207 - client_module - DEBUG - client_tab:391 - Creating file upload and enterprise details section
2025-07-02 11:45:32,208 - client_module - DEBUG - client_tab:396 - Processing file upload section
2025-07-02 11:45:32,208 - client_module - INFO - client_tab:445 - File uploaded: modern_proposal_corporate.pdf
2025-07-02 11:45:32,209 - client_module - DEBUG - client_tab:456 - File size: 37.7KB
2025-07-02 11:45:32,209 - client_module - DEBUG - client_tab:568 - Processing enterprise details section
2025-07-02 11:45:32,210 - client_module - DEBUG - client_tab:606 - Creating client requirements and pain points section
2025-07-02 11:45:32,210 - client_module - DEBUG - client_tab:611 - Processing client requirements section
2025-07-02 11:45:32,210 - client_module - DEBUG - client_tab:635 - Updated client requirements content
2025-07-02 11:45:32,210 - client_module - DEBUG - client_tab:640 - Client requirements provided: True
2025-07-02 11:45:32,211 - client_module - INFO - client_tab:655 - Starting COL6 - Client Pain Points section rendering
2025-07-02 11:45:32,211 - client_module - INFO - client_tab:679 - Using dummy pain points data as fallback
2025-07-02 11:45:32,212 - client_module - DEBUG - client_tab:689 - Rendering 3 pain point items
2025-07-02 11:45:32,212 - client_module - DEBUG - client_tab:694 - Processing pain point item 0: Revenue Challenges
2025-07-02 11:45:32,212 - client_module - DEBUG - client_tab:699 - Pain point 'Revenue Challenges' selection status: True
2025-07-02 11:45:32,215 - client_module - DEBUG - client_tab:898 - Successfully rendered content box for 'Revenue Challenges'
2025-07-02 11:45:32,215 - client_module - DEBUG - client_tab:694 - Processing pain point item 1: Cost and Margin Pressure
2025-07-02 11:45:32,215 - client_module - DEBUG - client_tab:699 - Pain point 'Cost and Margin Pressure' selection status: True
2025-07-02 11:45:32,216 - client_module - DEBUG - client_tab:898 - Successfully rendered content box for 'Cost and Margin Pressure'
2025-07-02 11:45:32,217 - client_module - DEBUG - client_tab:694 - Processing pain point item 2: Market Expansion and Customer Acquisition
2025-07-02 11:45:32,217 - client_module - DEBUG - client_tab:699 - Pain point 'Market Expansion and Customer Acquisition' selection status: False
2025-07-02 11:45:32,219 - client_module - DEBUG - client_tab:898 - Successfully rendered content box for 'Market Expansion and Customer Acquisition'
2025-07-02 11:45:32,219 - client_module - INFO - client_tab:929 - Rendered SPOC name tooltip
2025-07-02 11:45:32,220 - client_module - INFO - client_tab:942 - SPOC name input rendered with value: Vishwendra verma
2025-07-02 11:45:32,220 - client_module - INFO - client_tab:951 - Updated SPOC name to: Vishwendra verma
2025-07-02 11:45:34,818 - client_module - INFO - client_tab:966 - LinkedIn search completed for: Vishwendra verma
