2025-06-30 21:51:54,095 - client_module - INFO - client_tab:126 - Starting client_tab function
2025-06-30 21:51:54,096 - client_module - DEBUG - client_tab:131 - Retrieved client data from dataclass manager
2025-06-30 21:51:54,098 - client_module - DEBUG - client_tab:143 - CSS re-applied for persistence
2025-06-30 21:51:54,098 - client_module - DEBUG - client_tab:150 - Creating top section with client name and URLs
2025-06-30 21:51:54,100 - client_module - DEBUG - client_tab:155 - Processing client enterprise name section
2025-06-30 21:51:54,108 - client_module - DEBUG - client_tab:188 - Find URLs button disabled: False
2025-06-30 21:51:54,110 - client_module - DEBUG - client_tab:243 - Processing client website URL section
2025-06-30 21:51:54,113 - client_module - DEBUG - client_tab:260 - Client name provided: True
2025-06-30 21:51:54,114 - client_module - DEBUG - client_tab:267 - URL options count: 1
2025-06-30 21:51:54,117 - client_module - DEBUG - client_tab:391 - Creating file upload and enterprise details section
2025-06-30 21:51:54,118 - client_module - DEBUG - client_tab:396 - Processing file upload section
2025-06-30 21:51:54,121 - client_module - DEBUG - client_tab:568 - Processing enterprise details section
2025-06-30 21:51:54,123 - client_module - DEBUG - client_tab:606 - Creating client requirements and pain points section
2025-06-30 21:51:54,125 - client_module - DEBUG - client_tab:611 - Processing client requirements section
2025-06-30 21:51:54,126 - client_module - DEBUG - client_tab:635 - Updated client requirements content
2025-06-30 21:51:54,127 - client_module - DEBUG - client_tab:640 - Client requirements provided: True
2025-06-30 21:51:54,127 - client_module - INFO - client_tab:655 - Starting COL6 - Client Pain Points section rendering
2025-06-30 21:51:54,128 - client_module - INFO - client_tab:679 - Using dummy pain points data as fallback
2025-06-30 21:51:54,129 - client_module - DEBUG - client_tab:689 - Rendering 3 pain point items
2025-06-30 21:51:54,129 - client_module - DEBUG - client_tab:694 - Processing pain point item 0: Revenue Challenges
2025-06-30 21:51:54,129 - client_module - DEBUG - client_tab:699 - Pain point 'Revenue Challenges' selection status: True
2025-06-30 21:51:54,133 - client_module - DEBUG - client_tab:898 - Successfully rendered content box for 'Revenue Challenges'
2025-06-30 21:51:54,133 - client_module - DEBUG - client_tab:694 - Processing pain point item 1: Cost and Margin Pressure
2025-06-30 21:51:54,133 - client_module - DEBUG - client_tab:699 - Pain point 'Cost and Margin Pressure' selection status: True
2025-06-30 21:51:54,139 - client_module - DEBUG - client_tab:898 - Successfully rendered content box for 'Cost and Margin Pressure'
2025-06-30 21:51:54,139 - client_module - DEBUG - client_tab:694 - Processing pain point item 2: Market Expansion and Customer Acquisition
2025-06-30 21:51:54,139 - client_module - DEBUG - client_tab:699 - Pain point 'Market Expansion and Customer Acquisition' selection status: False
2025-06-30 21:51:54,143 - client_module - INFO - client_tab:774 - Pain point button clicked for 'Market Expansion and Customer Acquisition', current selection: False
2025-06-30 21:51:54,144 - client_module - INFO - client_tab:826 - Adding pain point 'Market Expansion and Customer Acquisition' to requirements
2025-06-30 21:51:54,144 - client_module - DEBUG - client_tab:831 - Current content length before add: 1178
2025-06-30 21:51:54,145 - client_module - DEBUG - client_tab:835 - New content length after add: 1841
2025-06-30 21:51:54,145 - client_module - INFO - client_tab:847 - Successfully added pain point 'Market Expansion and Customer Acquisition'
2025-06-30 21:51:54,401 - client_module - INFO - validate_client_mandatory_fields:105 - Starting client mandatory fields validation
2025-06-30 21:51:54,402 - client_module - INFO - validate_client_mandatory_fields:105 - Starting client mandatory fields validation
2025-06-30 21:51:54,403 - client_module - INFO - validate_client_mandatory_fields:105 - Starting client mandatory fields validation
2025-06-30 21:51:54,405 - client_module - INFO - client_tab:126 - Starting client_tab function
2025-06-30 21:51:54,405 - client_module - DEBUG - client_tab:131 - Retrieved client data from dataclass manager
2025-06-30 21:51:54,406 - client_module - DEBUG - client_tab:143 - CSS re-applied for persistence
2025-06-30 21:51:54,406 - client_module - DEBUG - client_tab:150 - Creating top section with client name and URLs
2025-06-30 21:51:54,407 - client_module - DEBUG - client_tab:155 - Processing client enterprise name section
2025-06-30 21:51:54,408 - client_module - DEBUG - client_tab:188 - Find URLs button disabled: False
2025-06-30 21:51:54,408 - client_module - DEBUG - client_tab:243 - Processing client website URL section
2025-06-30 21:51:54,409 - client_module - DEBUG - client_tab:260 - Client name provided: True
2025-06-30 21:51:54,409 - client_module - DEBUG - client_tab:267 - URL options count: 1
2025-06-30 21:51:54,410 - client_module - DEBUG - client_tab:391 - Creating file upload and enterprise details section
2025-06-30 21:51:54,411 - client_module - DEBUG - client_tab:396 - Processing file upload section
2025-06-30 21:51:54,412 - client_module - DEBUG - client_tab:568 - Processing enterprise details section
2025-06-30 21:51:54,413 - client_module - DEBUG - client_tab:606 - Creating client requirements and pain points section
2025-06-30 21:51:54,413 - client_module - DEBUG - client_tab:611 - Processing client requirements section
2025-06-30 21:51:54,416 - client_module - DEBUG - client_tab:635 - Updated client requirements content
2025-06-30 21:51:54,416 - client_module - DEBUG - client_tab:640 - Client requirements provided: True
2025-06-30 21:51:54,416 - client_module - INFO - client_tab:655 - Starting COL6 - Client Pain Points section rendering
2025-06-30 21:51:54,417 - client_module - INFO - client_tab:679 - Using dummy pain points data as fallback
2025-06-30 21:51:54,417 - client_module - DEBUG - client_tab:689 - Rendering 3 pain point items
2025-06-30 21:51:54,417 - client_module - DEBUG - client_tab:694 - Processing pain point item 0: Revenue Challenges
2025-06-30 21:51:54,417 - client_module - DEBUG - client_tab:699 - Pain point 'Revenue Challenges' selection status: True
2025-06-30 21:51:54,419 - client_module - DEBUG - client_tab:898 - Successfully rendered content box for 'Revenue Challenges'
2025-06-30 21:51:54,419 - client_module - DEBUG - client_tab:694 - Processing pain point item 1: Cost and Margin Pressure
2025-06-30 21:51:54,419 - client_module - DEBUG - client_tab:699 - Pain point 'Cost and Margin Pressure' selection status: True
2025-06-30 21:51:54,420 - client_module - DEBUG - client_tab:898 - Successfully rendered content box for 'Cost and Margin Pressure'
2025-06-30 21:51:54,420 - client_module - DEBUG - client_tab:694 - Processing pain point item 2: Market Expansion and Customer Acquisition
2025-06-30 21:51:54,420 - client_module - DEBUG - client_tab:699 - Pain point 'Market Expansion and Customer Acquisition' selection status: True
2025-06-30 21:51:54,421 - client_module - DEBUG - client_tab:898 - Successfully rendered content box for 'Market Expansion and Customer Acquisition'
2025-06-30 21:51:54,422 - client_module - INFO - client_tab:929 - Rendered SPOC name tooltip
2025-06-30 21:51:54,423 - client_module - INFO - client_tab:942 - SPOC name input rendered with value: 
2025-06-30 21:51:54,424 - client_module - INFO - client_tab:975 - SPOC name provided status: False
2025-06-30 21:51:54,424 - client_module - INFO - client_tab:987 - Rendered LinkedIn profile tooltip
2025-06-30 21:51:54,425 - client_module - INFO - client_tab:1043 - LinkedIn profile selector in disabled state
2025-06-30 21:51:54,425 - client_module - INFO - client_tab:1124 - Created roles and priorities columns
2025-06-30 21:51:54,426 - client_module - INFO - client_tab:1136 - Rendered SPOC role tooltip
2025-06-30 21:51:54,426 - client_module - INFO - client_tab:1146 - Retrieved 10 default roles
2025-06-30 21:51:54,426 - client_module - INFO - client_tab:1205 - Role selector rendered with selection: Select a role...
2025-06-30 21:51:54,427 - client_module - INFO - client_tab:1220 - Cleared selected target role
2025-06-30 21:51:54,430 - client_module - INFO - client_tab:1233 - Rendered business priorities tooltip
2025-06-30 21:51:54,430 - client_module - INFO - client_tab:1262 - Using 3 business priorities
2025-06-30 21:51:54,432 - client_module - INFO - client_tab:1312 - Created additional requirements columns
2025-06-30 21:51:54,433 - client_module - INFO - client_tab:1324 - Rendered additional client requirements tooltip
2025-06-30 21:51:54,434 - client_module - INFO - client_tab:1339 - Additional requirements text area rendered with 0 characters
2025-06-30 21:51:54,434 - client_module - INFO - client_tab:1355 - Additional requirements provided status: False
2025-06-30 21:51:54,435 - client_module - INFO - client_tab:1369 - Rendered additional specifications tooltip
2025-06-30 21:51:54,435 - client_module - INFO - client_tab:1387 - Using default additional specs items
2025-06-30 21:52:01,111 - client_module - INFO - validate_client_mandatory_fields:105 - Starting client mandatory fields validation
2025-06-30 21:52:01,112 - client_module - INFO - validate_client_mandatory_fields:105 - Starting client mandatory fields validation
2025-06-30 21:52:01,115 - client_module - INFO - validate_client_mandatory_fields:105 - Starting client mandatory fields validation
