2025-07-02 11:37:20,313 - client_module - INFO - client_tab:125 - Starting client_tab function
2025-07-02 11:37:20,314 - client_module - DEBUG - client_tab:130 - Retrieved client data from dataclass manager
2025-07-02 11:37:20,317 - client_module - DEBUG - client_tab:142 - CSS re-applied for persistence
2025-07-02 11:37:20,318 - client_module - DEBUG - client_tab:149 - Creating top section with client name and URLs
2025-07-02 11:37:20,320 - client_module - DEBUG - client_tab:154 - Processing client enterprise name section
2025-07-02 11:37:20,325 - client_module - INFO - client_tab:179 - Updated enterprise name: Growth sutra
2025-07-02 11:37:20,327 - client_module - DEBUG - client_tab:187 - Find URLs button disabled: False
2025-07-02 11:37:20,328 - client_module - DEBUG - client_tab:242 - Processing client website URL section
2025-07-02 11:37:20,335 - client_module - DEBUG - client_tab:259 - Client name provided: True
2025-07-02 11:37:20,335 - client_module - DEBUG - client_tab:266 - URL options count: 1
2025-07-02 11:37:20,342 - client_module - DEBUG - client_tab:391 - Creating file upload and enterprise details section
2025-07-02 11:37:20,345 - client_module - DEBUG - client_tab:396 - Processing file upload section
2025-07-02 11:37:20,350 - client_module - DEBUG - client_tab:568 - Processing enterprise details section
2025-07-02 11:37:20,354 - client_module - DEBUG - client_tab:606 - Creating client requirements and pain points section
2025-07-02 11:37:20,358 - client_module - DEBUG - client_tab:611 - Processing client requirements section
2025-07-02 11:37:20,360 - client_module - DEBUG - client_tab:635 - Updated client requirements content
2025-07-02 11:37:20,362 - client_module - DEBUG - client_tab:640 - Client requirements provided: False
2025-07-02 11:37:20,363 - client_module - INFO - client_tab:655 - Starting COL6 - Client Pain Points section rendering
2025-07-02 11:37:20,365 - client_module - INFO - client_tab:679 - Using dummy pain points data as fallback
2025-07-02 11:37:20,367 - client_module - DEBUG - client_tab:689 - Rendering 3 pain point items
2025-07-02 11:37:20,367 - client_module - DEBUG - client_tab:694 - Processing pain point item 0: Revenue Challenges
2025-07-02 11:37:20,367 - client_module - DEBUG - client_tab:699 - Pain point 'Revenue Challenges' selection status: False
2025-07-02 11:37:20,373 - client_module - DEBUG - client_tab:898 - Successfully rendered content box for 'Revenue Challenges'
2025-07-02 11:37:20,373 - client_module - DEBUG - client_tab:694 - Processing pain point item 1: Cost and Margin Pressure
2025-07-02 11:37:20,373 - client_module - DEBUG - client_tab:699 - Pain point 'Cost and Margin Pressure' selection status: False
2025-07-02 11:37:20,378 - client_module - DEBUG - client_tab:898 - Successfully rendered content box for 'Cost and Margin Pressure'
2025-07-02 11:37:20,378 - client_module - DEBUG - client_tab:694 - Processing pain point item 2: Market Expansion and Customer Acquisition
2025-07-02 11:37:20,379 - client_module - DEBUG - client_tab:699 - Pain point 'Market Expansion and Customer Acquisition' selection status: False
2025-07-02 11:37:20,384 - client_module - DEBUG - client_tab:898 - Successfully rendered content box for 'Market Expansion and Customer Acquisition'
2025-07-02 11:37:20,388 - client_module - INFO - client_tab:929 - Rendered SPOC name tooltip
2025-07-02 11:37:20,390 - client_module - INFO - client_tab:942 - SPOC name input rendered with value: 
2025-07-02 11:37:20,391 - client_module - INFO - client_tab:975 - SPOC name provided status: False
2025-07-02 11:37:20,393 - client_module - INFO - client_tab:987 - Rendered LinkedIn profile tooltip
2025-07-02 11:37:20,395 - client_module - INFO - client_tab:1043 - LinkedIn profile selector in disabled state
2025-07-02 11:37:20,398 - client_module - INFO - client_tab:1124 - Created roles and priorities columns
2025-07-02 11:37:20,400 - client_module - INFO - client_tab:1136 - Rendered SPOC role tooltip
2025-07-02 11:37:20,400 - client_module - INFO - client_tab:1146 - Retrieved 10 default roles
2025-07-02 11:37:20,403 - client_module - INFO - client_tab:1205 - Role selector rendered with selection: Select a role...
2025-07-02 11:37:20,404 - client_module - INFO - client_tab:1220 - Cleared selected target role
2025-07-02 11:37:20,406 - client_module - INFO - client_tab:1233 - Rendered business priorities tooltip
2025-07-02 11:37:20,406 - client_module - INFO - client_tab:1262 - Using 3 business priorities
2025-07-02 11:37:20,409 - client_module - INFO - client_tab:1312 - Created additional requirements columns
2025-07-02 11:37:20,412 - client_module - INFO - client_tab:1324 - Rendered additional client requirements tooltip
2025-07-02 11:37:20,413 - client_module - INFO - client_tab:1339 - Additional requirements text area rendered with 0 characters
2025-07-02 11:37:20,414 - client_module - INFO - client_tab:1355 - Additional requirements provided status: False
2025-07-02 11:37:20,415 - client_module - INFO - client_tab:1369 - Rendered additional specifications tooltip
2025-07-02 11:37:20,416 - client_module - INFO - client_tab:1387 - Using default additional specs items
