2025-07-01 07:48:51,020 - client_module - INFO - client_tab:126 - Starting client_tab function
2025-07-01 07:48:51,021 - client_module - DEBUG - client_tab:131 - Retrieved client data from dataclass manager
2025-07-01 07:48:51,022 - client_module - DEBUG - client_tab:143 - CSS re-applied for persistence
2025-07-01 07:48:51,022 - client_module - DEBUG - client_tab:150 - Creating top section with client name and URLs
2025-07-01 07:48:51,023 - client_module - DEBUG - client_tab:155 - Processing client enterprise name section
2025-07-01 07:48:51,025 - client_module - DEBUG - client_tab:188 - Find URLs button disabled: False
2025-07-01 07:48:51,026 - client_module - DEBUG - client_tab:243 - Processing client website URL section
2025-07-01 07:48:51,027 - client_module - DEBUG - client_tab:260 - Client name provided: True
2025-07-01 07:48:51,027 - client_module - DEBUG - client_tab:267 - URL options count: 1
2025-07-01 07:48:51,030 - client_module - DEBUG - client_tab:391 - Creating file upload and enterprise details section
2025-07-01 07:48:51,030 - client_module - DEBUG - client_tab:396 - Processing file upload section
2025-07-01 07:48:51,032 - client_module - DEBUG - client_tab:568 - Processing enterprise details section
2025-07-01 07:48:51,034 - client_module - DEBUG - client_tab:606 - Creating client requirements and pain points section
2025-07-01 07:48:51,034 - client_module - DEBUG - client_tab:611 - Processing client requirements section
2025-07-01 07:48:51,036 - client_module - DEBUG - client_tab:635 - Updated client requirements content
2025-07-01 07:48:51,036 - client_module - DEBUG - client_tab:640 - Client requirements provided: True
2025-07-01 07:48:51,036 - client_module - INFO - client_tab:655 - Starting COL6 - Client Pain Points section rendering
2025-07-01 07:48:51,037 - client_module - INFO - client_tab:679 - Using dummy pain points data as fallback
2025-07-01 07:48:51,039 - client_module - DEBUG - client_tab:689 - Rendering 3 pain point items
2025-07-01 07:48:51,039 - client_module - DEBUG - client_tab:694 - Processing pain point item 0: Revenue Challenges
2025-07-01 07:48:51,039 - client_module - DEBUG - client_tab:699 - Pain point 'Revenue Challenges' selection status: True
2025-07-01 07:48:51,041 - client_module - DEBUG - client_tab:898 - Successfully rendered content box for 'Revenue Challenges'
2025-07-01 07:48:51,041 - client_module - DEBUG - client_tab:694 - Processing pain point item 1: Cost and Margin Pressure
2025-07-01 07:48:51,041 - client_module - DEBUG - client_tab:699 - Pain point 'Cost and Margin Pressure' selection status: True
2025-07-01 07:48:51,044 - client_module - DEBUG - client_tab:898 - Successfully rendered content box for 'Cost and Margin Pressure'
2025-07-01 07:48:51,044 - client_module - DEBUG - client_tab:694 - Processing pain point item 2: Market Expansion and Customer Acquisition
2025-07-01 07:48:51,044 - client_module - DEBUG - client_tab:699 - Pain point 'Market Expansion and Customer Acquisition' selection status: False
2025-07-01 07:48:51,046 - client_module - DEBUG - client_tab:898 - Successfully rendered content box for 'Market Expansion and Customer Acquisition'
2025-07-01 07:48:51,047 - client_module - INFO - client_tab:929 - Rendered SPOC name tooltip
2025-07-01 07:48:51,048 - client_module - INFO - client_tab:942 - SPOC name input rendered with value: 
2025-07-01 07:48:51,048 - client_module - INFO - client_tab:975 - SPOC name provided status: False
2025-07-01 07:48:51,049 - client_module - INFO - client_tab:987 - Rendered LinkedIn profile tooltip
2025-07-01 07:48:51,050 - client_module - INFO - client_tab:1043 - LinkedIn profile selector in disabled state
2025-07-01 07:48:51,052 - client_module - INFO - client_tab:1124 - Created roles and priorities columns
2025-07-01 07:48:51,053 - client_module - INFO - client_tab:1136 - Rendered SPOC role tooltip
2025-07-01 07:48:51,054 - client_module - INFO - client_tab:1146 - Retrieved 10 default roles
2025-07-01 07:48:51,057 - client_module - INFO - client_tab:1205 - Role selector rendered with selection: Select a role...
2025-07-01 07:48:51,057 - client_module - INFO - client_tab:1220 - Cleared selected target role
2025-07-01 07:48:51,058 - client_module - INFO - client_tab:1233 - Rendered business priorities tooltip
2025-07-01 07:48:51,058 - client_module - INFO - client_tab:1262 - Using 3 business priorities
2025-07-01 07:48:51,061 - client_module - INFO - client_tab:1312 - Created additional requirements columns
2025-07-01 07:48:51,062 - client_module - INFO - client_tab:1324 - Rendered additional client requirements tooltip
2025-07-01 07:48:51,063 - client_module - INFO - client_tab:1339 - Additional requirements text area rendered with 616 characters
2025-07-01 07:48:51,064 - client_module - INFO - client_tab:1355 - Additional requirements provided status: True
2025-07-01 07:48:51,064 - client_module - INFO - client_tab:1369 - Rendered additional specifications tooltip
2025-07-01 07:48:51,065 - client_module - INFO - client_tab:1387 - Using default additional specs items
2025-07-01 07:48:51,523 - client_module - INFO - validate_client_mandatory_fields:105 - Starting client mandatory fields validation
2025-07-01 07:48:51,523 - client_module - INFO - validate_client_mandatory_fields:105 - Starting client mandatory fields validation
2025-07-01 07:48:51,523 - client_module - INFO - validate_client_mandatory_fields:105 - Starting client mandatory fields validation
2025-07-01 07:48:51,525 - client_module - INFO - client_tab:126 - Starting client_tab function
2025-07-01 07:48:51,525 - client_module - DEBUG - client_tab:131 - Retrieved client data from dataclass manager
2025-07-01 07:48:51,526 - client_module - DEBUG - client_tab:143 - CSS re-applied for persistence
2025-07-01 07:48:51,526 - client_module - DEBUG - client_tab:150 - Creating top section with client name and URLs
2025-07-01 07:48:51,527 - client_module - DEBUG - client_tab:155 - Processing client enterprise name section
2025-07-01 07:48:51,528 - client_module - DEBUG - client_tab:188 - Find URLs button disabled: False
2025-07-01 07:48:51,528 - client_module - DEBUG - client_tab:243 - Processing client website URL section
2025-07-01 07:48:51,529 - client_module - DEBUG - client_tab:260 - Client name provided: True
2025-07-01 07:48:51,530 - client_module - DEBUG - client_tab:267 - URL options count: 1
2025-07-01 07:48:51,533 - client_module - DEBUG - client_tab:391 - Creating file upload and enterprise details section
2025-07-01 07:48:51,536 - client_module - DEBUG - client_tab:396 - Processing file upload section
2025-07-01 07:48:51,538 - client_module - DEBUG - client_tab:568 - Processing enterprise details section
2025-07-01 07:48:51,540 - client_module - DEBUG - client_tab:606 - Creating client requirements and pain points section
2025-07-01 07:48:51,541 - client_module - DEBUG - client_tab:611 - Processing client requirements section
2025-07-01 07:48:51,543 - client_module - DEBUG - client_tab:635 - Updated client requirements content
2025-07-01 07:48:51,543 - client_module - DEBUG - client_tab:640 - Client requirements provided: True
2025-07-01 07:48:51,543 - client_module - INFO - client_tab:655 - Starting COL6 - Client Pain Points section rendering
2025-07-01 07:48:51,544 - client_module - INFO - client_tab:679 - Using dummy pain points data as fallback
2025-07-01 07:48:51,545 - client_module - DEBUG - client_tab:689 - Rendering 3 pain point items
2025-07-01 07:48:51,546 - client_module - DEBUG - client_tab:694 - Processing pain point item 0: Revenue Challenges
2025-07-01 07:48:51,547 - client_module - DEBUG - client_tab:699 - Pain point 'Revenue Challenges' selection status: True
2025-07-01 07:48:51,552 - client_module - DEBUG - client_tab:898 - Successfully rendered content box for 'Revenue Challenges'
2025-07-01 07:48:51,553 - client_module - DEBUG - client_tab:694 - Processing pain point item 1: Cost and Margin Pressure
2025-07-01 07:48:51,553 - client_module - DEBUG - client_tab:699 - Pain point 'Cost and Margin Pressure' selection status: True
2025-07-01 07:48:51,556 - client_module - DEBUG - client_tab:898 - Successfully rendered content box for 'Cost and Margin Pressure'
2025-07-01 07:48:51,557 - client_module - DEBUG - client_tab:694 - Processing pain point item 2: Market Expansion and Customer Acquisition
2025-07-01 07:48:51,557 - client_module - DEBUG - client_tab:699 - Pain point 'Market Expansion and Customer Acquisition' selection status: False
2025-07-01 07:48:51,558 - client_module - DEBUG - client_tab:898 - Successfully rendered content box for 'Market Expansion and Customer Acquisition'
2025-07-01 07:48:51,561 - client_module - INFO - client_tab:929 - Rendered SPOC name tooltip
2025-07-01 07:48:51,563 - client_module - INFO - client_tab:942 - SPOC name input rendered with value: 
2025-07-01 07:48:51,564 - client_module - INFO - client_tab:975 - SPOC name provided status: False
2025-07-01 07:48:51,565 - client_module - INFO - client_tab:987 - Rendered LinkedIn profile tooltip
2025-07-01 07:48:51,566 - client_module - INFO - client_tab:1043 - LinkedIn profile selector in disabled state
2025-07-01 07:48:51,568 - client_module - INFO - client_tab:1124 - Created roles and priorities columns
2025-07-01 07:48:51,570 - client_module - INFO - client_tab:1136 - Rendered SPOC role tooltip
2025-07-01 07:48:51,571 - client_module - INFO - client_tab:1146 - Retrieved 10 default roles
2025-07-01 07:48:51,572 - client_module - INFO - client_tab:1205 - Role selector rendered with selection: Select a role...
2025-07-01 07:48:51,573 - client_module - INFO - client_tab:1220 - Cleared selected target role
2025-07-01 07:48:51,574 - client_module - INFO - client_tab:1233 - Rendered business priorities tooltip
2025-07-01 07:48:51,575 - client_module - INFO - client_tab:1262 - Using 3 business priorities
2025-07-01 07:48:51,578 - client_module - INFO - client_tab:1312 - Created additional requirements columns
2025-07-01 07:48:51,581 - client_module - INFO - client_tab:1324 - Rendered additional client requirements tooltip
2025-07-01 07:48:51,583 - client_module - INFO - client_tab:1339 - Additional requirements text area rendered with 616 characters
2025-07-01 07:48:51,584 - client_module - INFO - client_tab:1355 - Additional requirements provided status: True
2025-07-01 07:48:51,585 - client_module - INFO - client_tab:1369 - Rendered additional specifications tooltip
2025-07-01 07:48:51,585 - client_module - INFO - client_tab:1387 - Using default additional specs items
2025-07-01 07:48:51,591 - client_module - INFO - client_tab:1478 - Added additional spec: Compliance and Security Standards
2025-07-01 07:48:51,791 - client_module - INFO - validate_client_mandatory_fields:105 - Starting client mandatory fields validation
2025-07-01 07:48:51,792 - client_module - INFO - validate_client_mandatory_fields:105 - Starting client mandatory fields validation
2025-07-01 07:48:51,792 - client_module - INFO - validate_client_mandatory_fields:105 - Starting client mandatory fields validation
2025-07-01 07:48:51,795 - client_module - INFO - client_tab:126 - Starting client_tab function
2025-07-01 07:48:51,796 - client_module - DEBUG - client_tab:131 - Retrieved client data from dataclass manager
2025-07-01 07:48:51,797 - client_module - DEBUG - client_tab:143 - CSS re-applied for persistence
2025-07-01 07:48:51,797 - client_module - DEBUG - client_tab:150 - Creating top section with client name and URLs
2025-07-01 07:48:51,798 - client_module - DEBUG - client_tab:155 - Processing client enterprise name section
2025-07-01 07:48:51,800 - client_module - DEBUG - client_tab:188 - Find URLs button disabled: False
2025-07-01 07:48:51,800 - client_module - DEBUG - client_tab:243 - Processing client website URL section
2025-07-01 07:48:51,801 - client_module - DEBUG - client_tab:260 - Client name provided: True
2025-07-01 07:48:51,802 - client_module - DEBUG - client_tab:267 - URL options count: 1
2025-07-01 07:48:51,803 - client_module - DEBUG - client_tab:391 - Creating file upload and enterprise details section
2025-07-01 07:48:51,804 - client_module - DEBUG - client_tab:396 - Processing file upload section
2025-07-01 07:48:51,805 - client_module - DEBUG - client_tab:568 - Processing enterprise details section
2025-07-01 07:48:51,806 - client_module - DEBUG - client_tab:606 - Creating client requirements and pain points section
2025-07-01 07:48:51,807 - client_module - DEBUG - client_tab:611 - Processing client requirements section
2025-07-01 07:48:51,809 - client_module - DEBUG - client_tab:635 - Updated client requirements content
2025-07-01 07:48:51,810 - client_module - DEBUG - client_tab:640 - Client requirements provided: True
2025-07-01 07:48:51,810 - client_module - INFO - client_tab:655 - Starting COL6 - Client Pain Points section rendering
2025-07-01 07:48:51,811 - client_module - INFO - client_tab:679 - Using dummy pain points data as fallback
2025-07-01 07:48:51,812 - client_module - DEBUG - client_tab:689 - Rendering 3 pain point items
2025-07-01 07:48:51,812 - client_module - DEBUG - client_tab:694 - Processing pain point item 0: Revenue Challenges
2025-07-01 07:48:51,813 - client_module - DEBUG - client_tab:699 - Pain point 'Revenue Challenges' selection status: True
2025-07-01 07:48:51,815 - client_module - DEBUG - client_tab:898 - Successfully rendered content box for 'Revenue Challenges'
2025-07-01 07:48:51,815 - client_module - DEBUG - client_tab:694 - Processing pain point item 1: Cost and Margin Pressure
2025-07-01 07:48:51,815 - client_module - DEBUG - client_tab:699 - Pain point 'Cost and Margin Pressure' selection status: True
2025-07-01 07:48:51,818 - client_module - DEBUG - client_tab:898 - Successfully rendered content box for 'Cost and Margin Pressure'
2025-07-01 07:48:51,818 - client_module - DEBUG - client_tab:694 - Processing pain point item 2: Market Expansion and Customer Acquisition
2025-07-01 07:48:51,818 - client_module - DEBUG - client_tab:699 - Pain point 'Market Expansion and Customer Acquisition' selection status: False
2025-07-01 07:48:51,821 - client_module - DEBUG - client_tab:898 - Successfully rendered content box for 'Market Expansion and Customer Acquisition'
2025-07-01 07:48:51,823 - client_module - INFO - client_tab:929 - Rendered SPOC name tooltip
2025-07-01 07:48:51,824 - client_module - INFO - client_tab:942 - SPOC name input rendered with value: 
2025-07-01 07:48:51,826 - client_module - INFO - client_tab:975 - SPOC name provided status: False
2025-07-01 07:48:51,827 - client_module - INFO - client_tab:987 - Rendered LinkedIn profile tooltip
2025-07-01 07:48:51,828 - client_module - INFO - client_tab:1043 - LinkedIn profile selector in disabled state
2025-07-01 07:48:51,829 - client_module - INFO - client_tab:1124 - Created roles and priorities columns
2025-07-01 07:48:51,829 - client_module - INFO - client_tab:1136 - Rendered SPOC role tooltip
2025-07-01 07:48:51,830 - client_module - INFO - client_tab:1146 - Retrieved 10 default roles
2025-07-01 07:48:51,831 - client_module - INFO - client_tab:1205 - Role selector rendered with selection: Select a role...
2025-07-01 07:48:51,832 - client_module - INFO - client_tab:1220 - Cleared selected target role
2025-07-01 07:48:51,833 - client_module - INFO - client_tab:1233 - Rendered business priorities tooltip
2025-07-01 07:48:51,833 - client_module - INFO - client_tab:1262 - Using 3 business priorities
2025-07-01 07:48:51,837 - client_module - INFO - client_tab:1312 - Created additional requirements columns
2025-07-01 07:48:51,840 - client_module - INFO - client_tab:1324 - Rendered additional client requirements tooltip
2025-07-01 07:48:51,841 - client_module - INFO - client_tab:1339 - Additional requirements text area rendered with 1158 characters
2025-07-01 07:48:51,841 - client_module - INFO - client_tab:1355 - Additional requirements provided status: True
2025-07-01 07:48:51,843 - client_module - INFO - client_tab:1369 - Rendered additional specifications tooltip
2025-07-01 07:48:51,844 - client_module - INFO - client_tab:1387 - Using default additional specs items
2025-07-01 07:48:53,407 - client_module - INFO - validate_client_mandatory_fields:105 - Starting client mandatory fields validation
2025-07-01 07:48:53,626 - client_module - INFO - validate_client_mandatory_fields:105 - Starting client mandatory fields validation
2025-07-01 07:48:53,628 - client_module - INFO - validate_client_mandatory_fields:105 - Starting client mandatory fields validation
2025-07-01 07:48:53,628 - client_module - INFO - validate_client_mandatory_fields:105 - Starting client mandatory fields validation
2025-07-01 07:48:53,629 - client_module - INFO - validate_client_mandatory_fields:105 - Starting client mandatory fields validation
2025-07-01 07:48:55,622 - client_module - INFO - validate_client_mandatory_fields:105 - Starting client mandatory fields validation
2025-07-01 07:48:55,623 - client_module - INFO - validate_client_mandatory_fields:105 - Starting client mandatory fields validation
2025-07-01 07:48:55,623 - client_module - INFO - validate_client_mandatory_fields:105 - Starting client mandatory fields validation
2025-07-01 07:48:55,625 - client_module - INFO - validate_client_mandatory_fields:105 - Starting client mandatory fields validation
2025-07-01 07:48:55,813 - client_module - INFO - validate_client_mandatory_fields:105 - Starting client mandatory fields validation
2025-07-01 07:48:55,813 - client_module - INFO - validate_client_mandatory_fields:105 - Starting client mandatory fields validation
2025-07-01 07:48:55,814 - client_module - INFO - validate_client_mandatory_fields:105 - Starting client mandatory fields validation
2025-07-01 07:48:55,815 - client_module - INFO - validate_client_mandatory_fields:105 - Starting client mandatory fields validation
2025-07-01 07:48:56,347 - client_module - INFO - validate_client_mandatory_fields:105 - Starting client mandatory fields validation
2025-07-01 07:48:56,349 - client_module - INFO - validate_client_mandatory_fields:105 - Starting client mandatory fields validation
2025-07-01 07:48:56,351 - client_module - INFO - validate_client_mandatory_fields:105 - Starting client mandatory fields validation
2025-07-01 07:48:56,353 - client_module - INFO - validate_client_mandatory_fields:105 - Starting client mandatory fields validation
2025-07-01 07:48:56,563 - client_module - INFO - validate_client_mandatory_fields:105 - Starting client mandatory fields validation
2025-07-01 07:48:56,565 - client_module - INFO - validate_client_mandatory_fields:105 - Starting client mandatory fields validation
2025-07-01 07:48:56,566 - client_module - INFO - validate_client_mandatory_fields:105 - Starting client mandatory fields validation
2025-07-01 07:48:56,568 - client_module - INFO - validate_client_mandatory_fields:105 - Starting client mandatory fields validation
2025-07-01 07:48:57,215 - client_module - INFO - validate_client_mandatory_fields:105 - Starting client mandatory fields validation
2025-07-01 07:48:57,217 - client_module - INFO - validate_client_mandatory_fields:105 - Starting client mandatory fields validation
2025-07-01 07:48:57,218 - client_module - INFO - validate_client_mandatory_fields:105 - Starting client mandatory fields validation
2025-07-01 07:48:57,220 - client_module - INFO - validate_client_mandatory_fields:105 - Starting client mandatory fields validation
2025-07-01 07:48:57,408 - client_module - INFO - validate_client_mandatory_fields:105 - Starting client mandatory fields validation
2025-07-01 07:48:57,409 - client_module - INFO - validate_client_mandatory_fields:105 - Starting client mandatory fields validation
2025-07-01 07:48:57,410 - client_module - INFO - validate_client_mandatory_fields:105 - Starting client mandatory fields validation
2025-07-01 07:48:57,411 - client_module - INFO - validate_client_mandatory_fields:105 - Starting client mandatory fields validation
2025-07-01 07:48:58,582 - client_module - INFO - validate_client_mandatory_fields:105 - Starting client mandatory fields validation
2025-07-01 07:48:58,583 - client_module - INFO - validate_client_mandatory_fields:105 - Starting client mandatory fields validation
2025-07-01 07:48:58,796 - client_module - INFO - validate_client_mandatory_fields:105 - Starting client mandatory fields validation
2025-07-01 07:48:58,797 - client_module - INFO - validate_client_mandatory_fields:105 - Starting client mandatory fields validation
2025-07-01 07:48:58,797 - client_module - INFO - validate_client_mandatory_fields:105 - Starting client mandatory fields validation
2025-07-01 07:48:58,801 - client_module - INFO - validate_client_mandatory_fields:105 - Starting client mandatory fields validation
