2025-07-01 07:46:13,249 - client_module - INFO - client_tab:126 - Starting client_tab function
2025-07-01 07:46:13,250 - client_module - DEBUG - client_tab:131 - Retrieved client data from dataclass manager
2025-07-01 07:46:13,250 - client_module - DEBUG - client_tab:143 - CSS re-applied for persistence
2025-07-01 07:46:13,251 - client_module - DEBUG - client_tab:150 - Creating top section with client name and URLs
2025-07-01 07:46:13,251 - client_module - DEBUG - client_tab:155 - Processing client enterprise name section
2025-07-01 07:46:13,253 - client_module - INFO - client_tab:180 - Updated enterprise name: Growth sutra
2025-07-01 07:46:13,254 - client_module - DEBUG - client_tab:188 - Find URLs button disabled: False
2025-07-01 07:46:13,255 - client_module - DEBUG - client_tab:243 - Processing client website URL section
2025-07-01 07:46:13,257 - client_module - DEBUG - client_tab:260 - Client name provided: True
2025-07-01 07:46:13,257 - client_module - DEBUG - client_tab:267 - URL options count: 1
2025-07-01 07:46:13,259 - client_module - DEBUG - client_tab:391 - Creating file upload and enterprise details section
2025-07-01 07:46:13,260 - client_module - DEBUG - client_tab:396 - Processing file upload section
2025-07-01 07:46:13,261 - client_module - DEBUG - client_tab:568 - Processing enterprise details section
2025-07-01 07:46:13,262 - client_module - DEBUG - client_tab:606 - Creating client requirements and pain points section
2025-07-01 07:46:13,263 - client_module - DEBUG - client_tab:611 - Processing client requirements section
2025-07-01 07:46:13,264 - client_module - DEBUG - client_tab:635 - Updated client requirements content
2025-07-01 07:46:13,264 - client_module - DEBUG - client_tab:640 - Client requirements provided: False
2025-07-01 07:46:13,264 - client_module - INFO - client_tab:655 - Starting COL6 - Client Pain Points section rendering
2025-07-01 07:46:13,266 - client_module - INFO - client_tab:679 - Using dummy pain points data as fallback
2025-07-01 07:46:13,267 - client_module - DEBUG - client_tab:689 - Rendering 3 pain point items
2025-07-01 07:46:13,268 - client_module - DEBUG - client_tab:694 - Processing pain point item 0: Revenue Challenges
2025-07-01 07:46:13,268 - client_module - DEBUG - client_tab:699 - Pain point 'Revenue Challenges' selection status: False
2025-07-01 07:46:13,270 - client_module - DEBUG - client_tab:898 - Successfully rendered content box for 'Revenue Challenges'
2025-07-01 07:46:13,271 - client_module - DEBUG - client_tab:694 - Processing pain point item 1: Cost and Margin Pressure
2025-07-01 07:46:13,271 - client_module - DEBUG - client_tab:699 - Pain point 'Cost and Margin Pressure' selection status: False
2025-07-01 07:46:13,273 - client_module - DEBUG - client_tab:898 - Successfully rendered content box for 'Cost and Margin Pressure'
2025-07-01 07:46:13,273 - client_module - DEBUG - client_tab:694 - Processing pain point item 2: Market Expansion and Customer Acquisition
2025-07-01 07:46:13,273 - client_module - DEBUG - client_tab:699 - Pain point 'Market Expansion and Customer Acquisition' selection status: False
2025-07-01 07:46:13,277 - client_module - DEBUG - client_tab:898 - Successfully rendered content box for 'Market Expansion and Customer Acquisition'
2025-07-01 07:46:13,279 - client_module - INFO - client_tab:929 - Rendered SPOC name tooltip
2025-07-01 07:46:13,281 - client_module - INFO - client_tab:942 - SPOC name input rendered with value: 
2025-07-01 07:46:13,282 - client_module - INFO - client_tab:975 - SPOC name provided status: False
2025-07-01 07:46:13,282 - client_module - INFO - client_tab:987 - Rendered LinkedIn profile tooltip
2025-07-01 07:46:13,283 - client_module - INFO - client_tab:1043 - LinkedIn profile selector in disabled state
2025-07-01 07:46:13,284 - client_module - INFO - client_tab:1124 - Created roles and priorities columns
2025-07-01 07:46:13,284 - client_module - INFO - client_tab:1136 - Rendered SPOC role tooltip
2025-07-01 07:46:13,285 - client_module - INFO - client_tab:1146 - Retrieved 10 default roles
2025-07-01 07:46:13,286 - client_module - INFO - client_tab:1205 - Role selector rendered with selection: Select a role...
2025-07-01 07:46:13,287 - client_module - INFO - client_tab:1220 - Cleared selected target role
2025-07-01 07:46:13,288 - client_module - INFO - client_tab:1233 - Rendered business priorities tooltip
2025-07-01 07:46:13,289 - client_module - INFO - client_tab:1262 - Using 3 business priorities
2025-07-01 07:46:13,291 - client_module - INFO - client_tab:1312 - Created additional requirements columns
2025-07-01 07:46:13,292 - client_module - INFO - client_tab:1324 - Rendered additional client requirements tooltip
2025-07-01 07:46:13,294 - client_module - INFO - client_tab:1339 - Additional requirements text area rendered with 0 characters
2025-07-01 07:46:13,295 - client_module - INFO - client_tab:1355 - Additional requirements provided status: False
2025-07-01 07:46:13,296 - client_module - INFO - client_tab:1369 - Rendered additional specifications tooltip
2025-07-01 07:46:13,296 - client_module - INFO - client_tab:1387 - Using default additional specs items
2025-07-01 07:46:21,141 - client_module - INFO - validate_client_mandatory_fields:105 - Starting client mandatory fields validation
2025-07-01 07:46:21,143 - client_module - INFO - validate_client_mandatory_fields:105 - Starting client mandatory fields validation
2025-07-01 07:46:21,145 - client_module - INFO - validate_client_mandatory_fields:105 - Starting client mandatory fields validation
