2025-07-02 11:38:54,684 - client_module - INFO - client_tab:125 - Starting client_tab function
2025-07-02 11:38:54,685 - client_module - DEBUG - client_tab:130 - Retrieved client data from dataclass manager
2025-07-02 11:38:54,686 - client_module - DEBUG - client_tab:142 - CSS re-applied for persistence
2025-07-02 11:38:54,686 - client_module - DEBUG - client_tab:149 - Creating top section with client name and URLs
2025-07-02 11:38:54,686 - client_module - DEBUG - client_tab:154 - Processing client enterprise name section
2025-07-02 11:38:54,688 - client_module - DEBUG - client_tab:187 - Find URLs button disabled: False
2025-07-02 11:38:54,688 - client_module - DEBUG - client_tab:242 - Processing client website URL section
2025-07-02 11:38:54,689 - client_module - DEBUG - client_tab:259 - Client name provided: True
2025-07-02 11:38:54,689 - client_module - DEBUG - client_tab:266 - URL options count: 6
2025-07-02 11:38:54,690 - client_module - DEBUG - client_tab:391 - Creating file upload and enterprise details section
2025-07-02 11:38:54,691 - client_module - DEBUG - client_tab:396 - Processing file upload section
2025-07-02 11:38:54,692 - client_module - DEBUG - client_tab:568 - Processing enterprise details section
2025-07-02 11:38:54,693 - client_module - DEBUG - client_tab:606 - Creating client requirements and pain points section
2025-07-02 11:38:54,693 - client_module - DEBUG - client_tab:611 - Processing client requirements section
2025-07-02 11:38:54,695 - client_module - DEBUG - client_tab:635 - Updated client requirements content
2025-07-02 11:38:54,695 - client_module - DEBUG - client_tab:640 - Client requirements provided: True
2025-07-02 11:38:54,695 - client_module - INFO - client_tab:655 - Starting COL6 - Client Pain Points section rendering
2025-07-02 11:38:54,695 - client_module - INFO - client_tab:679 - Using dummy pain points data as fallback
2025-07-02 11:38:54,696 - client_module - DEBUG - client_tab:689 - Rendering 3 pain point items
2025-07-02 11:38:54,696 - client_module - DEBUG - client_tab:694 - Processing pain point item 0: Revenue Challenges
2025-07-02 11:38:54,696 - client_module - DEBUG - client_tab:699 - Pain point 'Revenue Challenges' selection status: True
2025-07-02 11:38:54,697 - client_module - DEBUG - client_tab:898 - Successfully rendered content box for 'Revenue Challenges'
2025-07-02 11:38:54,697 - client_module - DEBUG - client_tab:694 - Processing pain point item 1: Cost and Margin Pressure
2025-07-02 11:38:54,698 - client_module - DEBUG - client_tab:699 - Pain point 'Cost and Margin Pressure' selection status: True
2025-07-02 11:38:54,699 - client_module - DEBUG - client_tab:898 - Successfully rendered content box for 'Cost and Margin Pressure'
2025-07-02 11:38:54,699 - client_module - DEBUG - client_tab:694 - Processing pain point item 2: Market Expansion and Customer Acquisition
2025-07-02 11:38:54,699 - client_module - DEBUG - client_tab:699 - Pain point 'Market Expansion and Customer Acquisition' selection status: False
2025-07-02 11:38:54,700 - client_module - DEBUG - client_tab:898 - Successfully rendered content box for 'Market Expansion and Customer Acquisition'
2025-07-02 11:38:54,701 - client_module - INFO - client_tab:929 - Rendered SPOC name tooltip
2025-07-02 11:38:54,702 - client_module - INFO - client_tab:942 - SPOC name input rendered with value: Vishwendra verma
2025-07-02 11:38:54,702 - client_module - INFO - client_tab:975 - SPOC name provided status: True
2025-07-02 11:38:54,703 - client_module - INFO - client_tab:987 - Rendered LinkedIn profile tooltip
2025-07-02 11:38:54,703 - client_module - INFO - client_tab:1016 - LinkedIn profile selected: https://www.linkedin.com/in/vishwendra-verma-804041b/
2025-07-02 11:38:54,705 - client_module - INFO - client_tab:1124 - Created roles and priorities columns
2025-07-02 11:38:54,706 - client_module - INFO - client_tab:1136 - Rendered SPOC role tooltip
2025-07-02 11:38:54,706 - client_module - INFO - client_tab:1146 - Retrieved 10 default roles
2025-07-02 11:38:54,707 - client_module - INFO - client_tab:1166 - Added LinkedIn role: Founder and CEO at GrowthSutra
2025-07-02 11:38:54,708 - client_module - INFO - client_tab:1205 - Role selector rendered with selection: Founder and CEO at GrowthSutra
2025-07-02 11:38:54,709 - client_module - INFO - client_tab:1216 - Updated selected target role: Founder and CEO at GrowthSutra
2025-07-02 11:38:54,710 - client_module - INFO - client_tab:1233 - Rendered business priorities tooltip
